Keeping ['ae', 'lp', 'sc'] in profile
Temp data file saved at data/processed/TEMP_2025-07-15 07:04:35.135569_ae_processed_test.json.
	Running Ranking: ['python', 'retrieval/rank_dataset.py', '--model_name', 'facebook/contriever-msmarco', '--input_dataset_addr', 'data/processed/TEMP_2025-07-15 07:04:35.135569_ae_processed_test.json', '--output_dataset_addr', 'data/processed/TEMP_2025-07-15 07:04:35.135569_ae_processed_test.json', '--batch_size', '4']

  0%|          | 0/401 [00:00<?, ?it/s]
  0%|          | 1/401 [00:00<01:33,  4.28it/s]
  0%|          | 2/401 [00:00<01:12,  5.52it/s]
  1%|          | 3/401 [00:01<05:26,  1.22it/s]
  1%|          | 4/401 [00:02<05:24,  1.22it/s]
  1%|          | 5/401 [00:03<05:21,  1.23it/s]
  1%|▏         | 6/401 [00:04<05:21,  1.23it/s]
  2%|▏         | 7/401 [00:05<05:20,  1.23it/s]
  2%|▏         | 8/401 [00:06<05:18,  1.23it/s]
  2%|▏         | 9/401 [00:06<05:18,  1.23it/s]
  2%|▏         | 10/401 [00:07<04:16,  1.53it/s]
  3%|▎         | 11/401 [00:08<04:52,  1.33it/s]
  3%|▎         | 13/401 [00:09<04:04,  1.59it/s]
  3%|▎         | 14/401 [00:11<06:28,  1.00s/it]
  4%|▍         | 16/401 [00:11<03:55,  1.63it/s]
  4%|▍         | 17/401 [00:11<03:12,  2.00it/s]
  4%|▍         | 18/401 [00:12<03:54,  1.63it/s]
  5%|▍         | 19/401 [00:13<04:26,  1.43it/s]
  5%|▍         | 20/401 [00:15<07:21,  1.16s/it]
  5%|▌         | 21/401 [00:15<05:32,  1.14it/s]
  5%|▌         | 22/401 [00:18<08:13,  1.30s/it]
  6%|▌         | 23/401 [00:19<07:34,  1.20s/it]
  6%|▌         | 24/401 [00:21<09:47,  1.56s/it]
  6%|▋         | 26/401 [00:21<05:35,  1.12it/s]
  7%|▋         | 27/401 [00:24<07:53,  1.26s/it]
  7%|▋         | 28/401 [00:24<06:08,  1.01it/s]
  7%|▋         | 30/401 [00:25<04:48,  1.29it/s]
  8%|▊         | 31/401 [00:26<04:36,  1.34it/s]
  8%|▊         | 32/401 [00:26<03:37,  1.70it/s]
  8%|▊         | 33/401 [00:26<03:43,  1.65it/s]
  8%|▊         | 34/401 [00:28<04:37,  1.32it/s]
  9%|▉         | 36/401 [00:28<02:43,  2.24it/s]
  9%|▉         | 37/401 [00:28<02:24,  2.53it/s]
 10%|▉         | 39/401 [00:29<02:17,  2.63it/s]
 10%|█         | 41/401 [00:30<02:30,  2.39it/s]
 10%|█         | 42/401 [00:30<02:10,  2.75it/s]
 11%|█         | 43/401 [00:30<01:55,  3.11it/s]
 11%|█         | 44/401 [00:31<02:25,  2.46it/s]
 11%|█▏        | 46/401 [00:31<01:46,  3.33it/s]
 12%|█▏        | 47/401 [00:32<02:57,  2.00it/s]
 12%|█▏        | 48/401 [00:32<02:34,  2.29it/s]
 12%|█▏        | 49/401 [00:32<02:14,  2.62it/s]
 12%|█▏        | 50/401 [00:33<02:27,  2.38it/s]
 13%|█▎        | 51/401 [00:33<02:12,  2.63it/s]
 13%|█▎        | 53/401 [00:34<01:39,  3.51it/s]
 13%|█▎        | 54/401 [00:34<01:25,  4.04it/s]
 14%|█▎        | 55/401 [00:36<03:41,  1.56it/s]
 14%|█▍        | 56/401 [00:36<04:07,  1.39it/s]
 14%|█▍        | 57/401 [00:37<04:01,  1.43it/s]
 15%|█▍        | 59/401 [00:39<04:32,  1.25it/s]
 15%|█▍        | 60/401 [00:39<04:02,  1.41it/s]
 15%|█▌        | 61/401 [00:40<03:21,  1.69it/s]
 15%|█▌        | 62/401 [00:40<02:44,  2.06it/s]
 16%|█▌        | 63/401 [00:40<02:27,  2.30it/s]
 16%|█▌        | 64/401 [00:40<02:13,  2.52it/s]
 16%|█▌        | 65/401 [00:41<02:04,  2.71it/s]
 16%|█▋        | 66/401 [00:42<02:56,  1.89it/s]
 17%|█▋        | 67/401 [00:42<02:22,  2.34it/s]
 17%|█▋        | 68/401 [00:42<01:51,  2.98it/s]
 17%|█▋        | 70/401 [00:43<02:00,  2.75it/s]
 18%|█▊        | 71/401 [00:43<01:46,  3.09it/s]
 18%|█▊        | 72/401 [00:44<02:16,  2.41it/s]
 18%|█▊        | 73/401 [00:44<01:59,  2.74it/s]
 18%|█▊        | 74/401 [00:44<02:26,  2.23it/s]
 19%|█▊        | 75/401 [00:45<02:46,  1.95it/s]
 19%|█▉        | 76/401 [00:46<03:00,  1.80it/s]
 19%|█▉        | 77/401 [00:47<03:10,  1.70it/s]
 19%|█▉        | 78/401 [00:47<02:24,  2.24it/s]
 20%|█▉        | 79/401 [00:47<02:44,  1.96it/s]
 20%|█▉        | 80/401 [00:48<02:57,  1.81it/s]
 20%|██        | 81/401 [00:48<02:53,  1.84it/s]
 20%|██        | 82/401 [00:49<03:04,  1.73it/s]
 21%|██        | 83/401 [00:50<03:12,  1.65it/s]
 21%|██        | 84/401 [00:50<03:17,  1.60it/s]
 21%|██        | 85/401 [00:51<02:41,  1.96it/s]
 21%|██▏       | 86/401 [00:51<02:54,  1.80it/s]
 22%|██▏       | 87/401 [00:53<04:51,  1.08it/s]
 22%|██▏       | 88/401 [00:54<04:25,  1.18it/s]
 22%|██▏       | 89/401 [00:55<04:32,  1.15it/s]
 22%|██▏       | 90/401 [00:55<03:22,  1.54it/s]
 23%|██▎       | 92/401 [00:56<02:41,  1.92it/s]
 23%|██▎       | 93/401 [00:56<02:10,  2.37it/s]
 23%|██▎       | 94/401 [00:57<03:08,  1.63it/s]
 24%|██▎       | 95/401 [00:58<03:33,  1.43it/s]
 24%|██▍       | 96/401 [00:58<03:30,  1.45it/s]
 24%|██▍       | 97/401 [00:59<03:26,  1.47it/s]
 24%|██▍       | 98/401 [00:59<02:47,  1.81it/s]
 25%|██▍       | 99/401 [00:59<02:08,  2.36it/s]
 25%|██▍       | 100/401 [01:00<01:46,  2.82it/s]
 25%|██▌       | 101/401 [01:00<02:01,  2.48it/s]
 26%|██▌       | 103/401 [01:01<01:26,  3.44it/s]
 26%|██▌       | 104/401 [01:01<01:53,  2.61it/s]
 26%|██▌       | 105/401 [01:02<02:14,  2.20it/s]
 27%|██▋       | 107/401 [01:02<01:36,  3.04it/s]
 27%|██▋       | 109/401 [01:03<01:41,  2.88it/s]
 28%|██▊       | 111/401 [01:04<01:41,  2.84it/s]
 28%|██▊       | 112/401 [01:04<01:59,  2.41it/s]
 28%|██▊       | 113/401 [01:05<02:01,  2.38it/s]
 28%|██▊       | 114/401 [01:05<01:59,  2.40it/s]
 29%|██▊       | 115/401 [01:05<01:39,  2.88it/s]
 29%|██▉       | 116/401 [01:06<02:02,  2.33it/s]
 29%|██▉       | 117/401 [01:06<01:51,  2.55it/s]
 29%|██▉       | 118/401 [01:06<01:28,  3.19it/s]
 30%|██▉       | 119/401 [01:07<01:57,  2.39it/s]
 30%|██▉       | 120/401 [01:07<01:33,  3.00it/s]
 30%|███       | 121/401 [01:07<01:16,  3.65it/s]
 30%|███       | 122/401 [01:08<01:27,  3.19it/s]
 31%|███       | 123/401 [01:09<02:17,  2.02it/s]
 31%|███       | 124/401 [01:10<02:52,  1.61it/s]
 31%|███       | 125/401 [01:10<03:16,  1.41it/s]
 31%|███▏      | 126/401 [01:11<02:28,  1.86it/s]
 32%|███▏      | 127/401 [01:12<02:58,  1.53it/s]
 32%|███▏      | 128/401 [01:12<03:20,  1.36it/s]
 32%|███▏      | 129/401 [01:13<03:13,  1.40it/s]
 32%|███▏      | 130/401 [01:14<03:29,  1.29it/s]
 33%|███▎      | 131/401 [01:15<03:08,  1.43it/s]
 33%|███▎      | 132/401 [01:15<02:26,  1.84it/s]
 33%|███▎      | 133/401 [01:17<04:06,  1.09it/s]
 33%|███▎      | 134/401 [01:17<03:45,  1.18it/s]
 34%|███▎      | 135/401 [01:18<03:30,  1.26it/s]
 34%|███▍      | 136/401 [01:19<03:19,  1.33it/s]
 34%|███▍      | 138/401 [01:19<02:31,  1.73it/s]
 35%|███▍      | 139/401 [01:20<02:27,  1.77it/s]
 35%|███▍      | 140/401 [01:20<01:58,  2.21it/s]
 35%|███▌      | 141/401 [01:21<02:42,  1.60it/s]
 35%|███▌      | 142/401 [01:22<03:03,  1.41it/s]
 36%|███▌      | 143/401 [01:22<02:28,  1.74it/s]
 36%|███▌      | 144/401 [01:23<02:33,  1.67it/s]
 36%|███▌      | 145/401 [01:23<02:02,  2.09it/s]
 36%|███▋      | 146/401 [01:24<02:16,  1.87it/s]
 37%|███▋      | 147/401 [01:24<02:25,  1.75it/s]
 37%|███▋      | 148/401 [01:25<01:59,  2.11it/s]
 37%|███▋      | 149/401 [01:25<02:12,  1.90it/s]
 37%|███▋      | 150/401 [01:26<02:22,  1.77it/s]
 38%|███▊      | 151/401 [01:27<02:48,  1.48it/s]
 38%|███▊      | 152/401 [01:27<02:47,  1.49it/s]
 38%|███▊      | 153/401 [01:28<02:14,  1.84it/s]
 38%|███▊      | 154/401 [01:28<01:56,  2.13it/s]
 39%|███▊      | 155/401 [01:29<02:28,  1.66it/s]
 39%|███▉      | 156/401 [01:30<02:51,  1.43it/s]
 39%|███▉      | 157/401 [01:31<03:07,  1.30it/s]
 40%|███▉      | 159/401 [01:31<02:18,  1.75it/s]
 40%|███▉      | 160/401 [01:32<01:57,  2.05it/s]
 40%|████      | 162/401 [01:32<01:43,  2.31it/s]
 41%|████      | 163/401 [01:33<01:47,  2.22it/s]
 41%|████      | 164/401 [01:33<01:51,  2.14it/s]
 41%|████      | 165/401 [01:34<02:02,  1.93it/s]
 41%|████▏     | 166/401 [01:35<02:11,  1.79it/s]
 42%|████▏     | 168/401 [01:36<01:51,  2.09it/s]
 42%|████▏     | 169/401 [01:36<02:01,  1.91it/s]
 42%|████▏     | 170/401 [01:37<02:08,  1.79it/s]
 43%|████▎     | 171/401 [01:38<02:14,  1.71it/s]
 43%|████▎     | 172/401 [01:38<01:52,  2.03it/s]
 43%|████▎     | 173/401 [01:38<02:03,  1.85it/s]
 43%|████▎     | 174/401 [01:39<02:10,  1.73it/s]
 44%|████▎     | 175/401 [01:40<02:16,  1.66it/s]
 44%|████▍     | 176/401 [01:40<02:19,  1.61it/s]
 44%|████▍     | 177/401 [01:41<02:38,  1.41it/s]
 44%|████▍     | 178/401 [01:42<02:34,  1.44it/s]
 45%|████▍     | 179/401 [01:43<02:31,  1.46it/s]
 45%|████▍     | 180/401 [01:43<02:29,  1.47it/s]
 45%|████▌     | 181/401 [01:44<02:27,  1.49it/s]
 45%|████▌     | 182/401 [01:45<02:26,  1.49it/s]
 46%|████▌     | 183/401 [01:47<03:58,  1.09s/it]
 46%|████▌     | 184/401 [01:49<04:59,  1.38s/it]
 46%|████▌     | 185/401 [01:51<05:43,  1.59s/it]
 46%|████▋     | 186/401 [01:53<06:13,  1.74s/it]
 47%|████▋     | 187/401 [01:55<06:33,  1.84s/it]
 47%|████▋     | 188/401 [01:55<04:42,  1.33s/it]
 47%|████▋     | 189/401 [01:57<05:31,  1.56s/it]
 47%|████▋     | 190/401 [01:59<06:02,  1.72s/it]
 48%|████▊     | 191/401 [02:00<05:17,  1.51s/it]
 48%|████▊     | 192/401 [02:01<04:46,  1.37s/it]
 48%|████▊     | 193/401 [02:02<03:26,  1.01it/s]
 48%|████▊     | 194/401 [02:02<02:33,  1.35it/s]
 49%|████▊     | 195/401 [02:04<03:55,  1.14s/it]
 49%|████▉     | 196/401 [02:05<03:48,  1.11s/it]
 49%|████▉     | 197/401 [02:06<03:46,  1.11s/it]
 49%|████▉     | 198/401 [02:08<04:42,  1.39s/it]
 50%|████▉     | 199/401 [02:09<04:19,  1.29s/it]
 50%|████▉     | 200/401 [02:10<04:03,  1.21s/it]
 50%|█████     | 201/401 [02:11<03:52,  1.16s/it]
 50%|█████     | 202/401 [02:12<03:43,  1.12s/it]
 51%|█████     | 203/401 [02:13<03:37,  1.10s/it]
 51%|█████     | 204/401 [02:14<03:33,  1.08s/it]
 51%|█████▏    | 206/401 [02:15<02:44,  1.19it/s]
 52%|█████▏    | 207/401 [02:16<02:53,  1.12it/s]
 52%|█████▏    | 208/401 [02:17<02:58,  1.08it/s]
 52%|█████▏    | 209/401 [02:18<02:21,  1.36it/s]
 52%|█████▏    | 210/401 [02:19<02:37,  1.22it/s]
 53%|█████▎    | 211/401 [02:19<02:16,  1.39it/s]
 53%|█████▎    | 212/401 [02:20<01:56,  1.62it/s]
 53%|█████▎    | 213/401 [02:20<01:47,  1.74it/s]
 53%|█████▎    | 214/401 [02:21<02:13,  1.40it/s]
 54%|█████▎    | 215/401 [02:21<01:56,  1.59it/s]
 54%|█████▍    | 216/401 [02:22<02:02,  1.51it/s]
 54%|█████▍    | 218/401 [02:23<01:24,  2.17it/s]
 55%|█████▍    | 219/401 [02:23<01:22,  2.21it/s]
 55%|█████▍    | 220/401 [02:23<01:20,  2.25it/s]
 55%|█████▌    | 221/401 [02:25<02:25,  1.24it/s]
 55%|█████▌    | 222/401 [02:26<02:05,  1.43it/s]
 56%|█████▌    | 224/401 [02:26<01:20,  2.20it/s]
 56%|█████▋    | 226/401 [02:26<00:54,  3.23it/s]
 57%|█████▋    | 227/401 [02:26<00:47,  3.68it/s]
 57%|█████▋    | 228/401 [02:27<00:51,  3.35it/s]
 57%|█████▋    | 229/401 [02:27<00:42,  4.00it/s]
 57%|█████▋    | 230/401 [02:28<01:20,  2.13it/s]
 58%|█████▊    | 231/401 [02:28<01:03,  2.70it/s]
 58%|█████▊    | 232/401 [02:28<01:02,  2.72it/s]
 58%|█████▊    | 234/401 [02:31<02:00,  1.38it/s]
 59%|█████▊    | 235/401 [02:31<01:38,  1.68it/s]
 59%|█████▉    | 237/401 [02:31<01:12,  2.27it/s]
 59%|█████▉    | 238/401 [02:32<01:06,  2.47it/s]
 60%|█████▉    | 239/401 [02:32<01:06,  2.45it/s]
 60%|█████▉    | 240/401 [02:32<00:54,  2.98it/s]
 60%|██████    | 242/401 [02:32<00:35,  4.45it/s]
 61%|██████    | 243/401 [02:33<00:44,  3.59it/s]
 61%|██████    | 244/401 [02:33<00:41,  3.75it/s]
 61%|██████▏   | 246/401 [02:33<00:40,  3.83it/s]
 62%|██████▏   | 247/401 [02:34<00:46,  3.33it/s]
 62%|██████▏   | 249/401 [02:35<00:54,  2.81it/s]
 63%|██████▎   | 251/401 [02:35<00:39,  3.77it/s]
 63%|██████▎   | 253/401 [02:35<00:28,  5.17it/s]
 63%|██████▎   | 254/401 [02:35<00:28,  5.22it/s]
 64%|██████▎   | 255/401 [02:36<00:52,  2.79it/s]
 64%|██████▍   | 256/401 [02:36<00:45,  3.15it/s]
 64%|██████▍   | 257/401 [02:37<00:40,  3.51it/s]
 64%|██████▍   | 258/401 [02:37<00:37,  3.83it/s]
 65%|██████▍   | 259/401 [02:37<00:34,  4.15it/s]
 65%|██████▌   | 261/401 [02:37<00:31,  4.50it/s]
 65%|██████▌   | 262/401 [02:38<00:29,  4.69it/s]
 66%|██████▌   | 263/401 [02:38<00:28,  4.83it/s]
 66%|██████▌   | 264/401 [02:38<00:24,  5.56it/s]
 66%|██████▌   | 265/401 [02:38<00:24,  5.49it/s]
 66%|██████▋   | 266/401 [02:38<00:24,  5.44it/s]
 67%|██████▋   | 268/401 [02:38<00:19,  6.85it/s]
 67%|██████▋   | 269/401 [02:39<00:26,  5.05it/s]
 67%|██████▋   | 270/401 [02:39<00:30,  4.27it/s]
 68%|██████▊   | 272/401 [02:39<00:20,  6.17it/s]
 68%|██████▊   | 274/401 [02:39<00:16,  7.57it/s]
 69%|██████▉   | 276/401 [02:40<00:14,  8.53it/s]
 69%|██████▉   | 277/401 [02:40<00:19,  6.51it/s]
 70%|██████▉   | 279/401 [02:40<00:15,  7.77it/s]
 70%|██████▉   | 280/401 [02:40<00:18,  6.71it/s]
 70%|███████   | 282/401 [02:40<00:14,  8.21it/s]
 71%|███████   | 283/401 [02:41<00:20,  5.83it/s]
 71%|███████   | 284/401 [02:41<00:20,  5.64it/s]
 71%|███████   | 285/401 [02:41<00:19,  6.05it/s]
 71%|███████▏  | 286/401 [02:41<00:19,  5.83it/s]
 72%|███████▏  | 287/401 [02:42<00:19,  5.72it/s]
 72%|███████▏  | 289/401 [02:42<00:16,  6.95it/s]
 73%|███████▎  | 291/401 [02:42<00:15,  7.03it/s]
 73%|███████▎  | 292/401 [02:43<00:31,  3.46it/s]
 73%|███████▎  | 293/401 [02:43<00:37,  2.89it/s]
 73%|███████▎  | 294/401 [02:45<01:13,  1.46it/s]
 74%|███████▍  | 296/401 [02:46<00:54,  1.91it/s]
 74%|███████▍  | 298/401 [02:46<00:39,  2.61it/s]
 75%|███████▍  | 299/401 [02:47<00:48,  2.11it/s]
 75%|███████▍  | 300/401 [02:47<00:49,  2.06it/s]
 75%|███████▌  | 302/401 [02:47<00:32,  3.08it/s]
 76%|███████▌  | 303/401 [02:48<00:36,  2.71it/s]
 76%|███████▌  | 304/401 [02:48<00:36,  2.69it/s]
 76%|███████▌  | 305/401 [02:49<00:43,  2.23it/s]
 76%|███████▋  | 306/401 [02:49<00:42,  2.21it/s]
 77%|███████▋  | 307/401 [02:50<00:44,  2.11it/s]
 77%|███████▋  | 308/401 [02:50<00:38,  2.45it/s]
 77%|███████▋  | 309/401 [02:51<00:36,  2.55it/s]
 77%|███████▋  | 310/401 [02:51<00:31,  2.89it/s]
 78%|███████▊  | 311/401 [02:51<00:34,  2.62it/s]
 78%|███████▊  | 312/401 [02:52<00:29,  2.99it/s]
 78%|███████▊  | 313/401 [02:52<00:23,  3.75it/s]
 78%|███████▊  | 314/401 [02:52<00:22,  3.90it/s]
 79%|███████▊  | 315/401 [02:52<00:19,  4.46it/s]
 79%|███████▉  | 317/401 [02:53<00:28,  2.97it/s]
 79%|███████▉  | 318/401 [02:53<00:26,  3.10it/s]
 80%|███████▉  | 319/401 [02:53<00:22,  3.59it/s]
 80%|███████▉  | 320/401 [02:54<00:23,  3.52it/s]
 80%|████████  | 321/401 [02:54<00:23,  3.46it/s]
 80%|████████  | 322/401 [02:54<00:23,  3.40it/s]
 81%|████████  | 323/401 [02:56<01:04,  1.21it/s]
 81%|████████  | 324/401 [02:59<01:32,  1.21s/it]
 81%|████████  | 325/401 [03:01<01:52,  1.48s/it]
 81%|████████▏ | 326/401 [03:01<01:29,  1.20s/it]
 82%|████████▏ | 327/401 [03:02<01:12,  1.02it/s]
 82%|████████▏ | 328/401 [03:02<00:56,  1.29it/s]
 82%|████████▏ | 329/401 [03:03<00:59,  1.21it/s]
 82%|████████▏ | 330/401 [03:05<01:26,  1.22s/it]
 83%|████████▎ | 331/401 [03:06<01:10,  1.01s/it]
 83%|████████▎ | 332/401 [03:08<01:33,  1.36s/it]
 83%|████████▎ | 333/401 [03:10<01:48,  1.59s/it]
 83%|████████▎ | 334/401 [03:10<01:18,  1.17s/it]
 84%|████████▎ | 335/401 [03:12<01:36,  1.46s/it]
 84%|████████▍ | 336/401 [03:14<01:48,  1.67s/it]
 84%|████████▍ | 337/401 [03:15<01:27,  1.37s/it]
 84%|████████▍ | 338/401 [03:15<01:06,  1.05s/it]
 85%|████████▍ | 339/401 [03:16<00:51,  1.21it/s]
 85%|████████▍ | 340/401 [03:16<00:37,  1.64it/s]
 85%|████████▌ | 342/401 [03:16<00:22,  2.60it/s]
 86%|████████▌ | 343/401 [03:16<00:20,  2.79it/s]
 86%|████████▌ | 344/401 [03:16<00:18,  3.17it/s]
 86%|████████▌ | 345/401 [03:17<00:25,  2.18it/s]
 86%|████████▋ | 346/401 [03:18<00:21,  2.55it/s]
 87%|████████▋ | 347/401 [03:18<00:18,  2.98it/s]
 87%|████████▋ | 348/401 [03:18<00:16,  3.25it/s]
 87%|████████▋ | 349/401 [03:18<00:13,  3.85it/s]
 87%|████████▋ | 350/401 [03:20<00:35,  1.45it/s]
 88%|████████▊ | 351/401 [03:22<00:55,  1.12s/it]
 88%|████████▊ | 352/401 [03:22<00:40,  1.21it/s]
 88%|████████▊ | 353/401 [03:24<00:58,  1.23s/it]
 89%|████████▊ | 355/401 [03:25<00:33,  1.38it/s]
 89%|████████▉ | 356/401 [03:26<00:43,  1.03it/s]
 89%|████████▉ | 357/401 [03:27<00:36,  1.22it/s]
 89%|████████▉ | 358/401 [03:27<00:33,  1.28it/s]
 90%|████████▉ | 359/401 [03:28<00:30,  1.39it/s]
 90%|████████▉ | 360/401 [03:28<00:27,  1.48it/s]
 90%|█████████ | 361/401 [03:29<00:22,  1.78it/s]
 90%|█████████ | 362/401 [03:29<00:17,  2.26it/s]
 91%|█████████ | 363/401 [03:29<00:13,  2.72it/s]
 91%|█████████ | 364/401 [03:29<00:10,  3.45it/s]
 91%|█████████ | 365/401 [03:30<00:18,  1.98it/s]
 91%|█████████▏| 366/401 [03:30<00:13,  2.53it/s]
 92%|█████████▏| 367/401 [03:31<00:12,  2.72it/s]
 92%|█████████▏| 369/401 [03:31<00:08,  3.99it/s]
 92%|█████████▏| 370/401 [03:32<00:13,  2.29it/s]
 93%|█████████▎| 371/401 [03:33<00:17,  1.71it/s]
 93%|█████████▎| 373/401 [03:34<00:15,  1.76it/s]
 93%|█████████▎| 374/401 [03:35<00:18,  1.48it/s]
 94%|█████████▎| 375/401 [03:36<00:19,  1.33it/s]
 94%|█████████▍| 376/401 [03:38<00:24,  1.00it/s]
 94%|█████████▍| 377/401 [03:38<00:19,  1.26it/s]
 94%|█████████▍| 378/401 [03:40<00:24,  1.06s/it]
 95%|█████████▍| 379/401 [03:42<00:30,  1.37s/it]
 95%|█████████▍| 380/401 [03:43<00:26,  1.27s/it]
 95%|█████████▌| 382/401 [03:45<00:20,  1.09s/it]
 96%|█████████▌| 383/401 [03:46<00:22,  1.24s/it]
 96%|█████████▌| 384/401 [03:48<00:22,  1.32s/it]
 96%|█████████▌| 385/401 [03:50<00:24,  1.54s/it]
 96%|█████████▋| 386/401 [03:50<00:18,  1.24s/it]
 97%|█████████▋| 387/401 [03:51<00:15,  1.10s/it]
 97%|█████████▋| 388/401 [03:52<00:12,  1.03it/s]
 97%|█████████▋| 389/401 [03:52<00:09,  1.29it/s]
 97%|█████████▋| 390/401 [03:52<00:07,  1.55it/s]
 98%|█████████▊| 391/401 [03:53<00:04,  2.02it/s]
 98%|█████████▊| 392/401 [03:53<00:04,  1.83it/s]
 98%|█████████▊| 393/401 [03:53<00:03,  2.37it/s]
 98%|█████████▊| 394/401 [03:54<00:02,  2.93it/s]
 99%|█████████▊| 395/401 [03:54<00:01,  3.35it/s]
 99%|█████████▉| 396/401 [03:56<00:04,  1.15it/s]
 99%|█████████▉| 397/401 [03:56<00:02,  1.52it/s]
 99%|█████████▉| 398/401 [03:58<00:03,  1.12s/it]
100%|█████████▉| 399/401 [04:00<00:02,  1.44s/it]
100%|█████████▉| 400/401 [04:01<00:01,  1.05s/it]
100%|██████████| 401/401 [04:01<00:00,  1.66it/s]
