Keeping ['ae', 'lp', 'sc'] in profile
Temp data file saved at data/processed/TEMP_2025-07-15 06:52:33.378215_ae_processed_test.json.
	Running Ranking: ['python', 'retrieval/rank_dataset.py', '--model_name', 'facebook/contriever-msmarco', '--input_dataset_addr', 'data/processed/TEMP_2025-07-15 06:52:33.378215_ae_processed_test.json', '--output_dataset_addr', 'data/processed/TEMP_2025-07-15 06:52:33.378215_ae_processed_test.json', '--batch_size', '4']

  0%|          | 0/401 [00:00<?, ?it/s]
  0%|          | 1/401 [00:00<01:32,  4.32it/s]
  0%|          | 2/401 [00:00<01:12,  5.53it/s]
  1%|          | 3/401 [00:01<05:26,  1.22it/s]
  1%|          | 4/401 [00:02<05:22,  1.23it/s]
  1%|          | 5/401 [00:03<05:21,  1.23it/s]
  1%|▏         | 6/401 [00:04<05:20,  1.23it/s]
  2%|▏         | 7/401 [00:05<05:21,  1.23it/s]
  2%|▏         | 8/401 [00:06<05:19,  1.23it/s]
  2%|▏         | 9/401 [00:06<05:19,  1.23it/s]
  2%|▏         | 10/401 [00:07<04:16,  1.52it/s]
  3%|▎         | 11/401 [00:08<04:53,  1.33it/s]
  3%|▎         | 13/401 [00:09<04:04,  1.58it/s]
  3%|▎         | 14/401 [00:11<06:28,  1.00s/it]
  4%|▍         | 16/401 [00:11<03:55,  1.63it/s]
  4%|▍         | 17/401 [00:11<03:11,  2.00it/s]
  4%|▍         | 18/401 [00:12<03:54,  1.63it/s]
  5%|▍         | 19/401 [00:13<04:27,  1.43it/s]
  5%|▍         | 20/401 [00:15<07:22,  1.16s/it]
  5%|▌         | 21/401 [00:15<05:32,  1.14it/s]
  5%|▌         | 22/401 [00:18<08:13,  1.30s/it]
  6%|▌         | 23/401 [00:19<07:34,  1.20s/it]
  6%|▌         | 24/401 [00:21<09:48,  1.56s/it]
  6%|▋         | 26/401 [00:21<05:35,  1.12it/s]
  7%|▋         | 27/401 [00:24<07:53,  1.27s/it]
  7%|▋         | 28/401 [00:24<06:07,  1.01it/s]
  7%|▋         | 30/401 [00:25<04:47,  1.29it/s]
  8%|▊         | 31/401 [00:26<04:37,  1.33it/s]
  8%|▊         | 32/401 [00:26<03:38,  1.69it/s]
  8%|▊         | 33/401 [00:26<03:44,  1.64it/s]
  8%|▊         | 34/401 [00:28<04:38,  1.32it/s]
  9%|▉         | 36/401 [00:28<02:43,  2.23it/s]
  9%|▉         | 37/401 [00:28<02:24,  2.51it/s]
 10%|▉         | 39/401 [00:29<02:18,  2.62it/s]
 10%|█         | 41/401 [00:30<02:31,  2.37it/s]
 10%|█         | 42/401 [00:30<02:10,  2.74it/s]
 11%|█         | 43/401 [00:30<01:55,  3.10it/s]
 11%|█         | 44/401 [00:31<02:25,  2.46it/s]
 11%|█▏        | 46/401 [00:31<01:46,  3.34it/s]
 12%|█▏        | 47/401 [00:32<02:56,  2.01it/s]
 12%|█▏        | 48/401 [00:32<02:33,  2.29it/s]
 12%|█▏        | 49/401 [00:32<02:14,  2.63it/s]
 12%|█▏        | 50/401 [00:33<02:27,  2.37it/s]
 13%|█▎        | 51/401 [00:33<02:13,  2.63it/s]
 13%|█▎        | 53/401 [00:34<01:39,  3.51it/s]
 13%|█▎        | 54/401 [00:34<01:25,  4.04it/s]
 14%|█▎        | 55/401 [00:36<03:41,  1.56it/s]
 14%|█▍        | 56/401 [00:36<04:06,  1.40it/s]
 14%|█▍        | 57/401 [00:37<04:00,  1.43it/s]
 15%|█▍        | 59/401 [00:39<04:32,  1.25it/s]
 15%|█▍        | 60/401 [00:39<04:02,  1.41it/s]
 15%|█▌        | 61/401 [00:40<03:21,  1.69it/s]
 15%|█▌        | 62/401 [00:40<02:44,  2.06it/s]
 16%|█▌        | 63/401 [00:40<02:26,  2.30it/s]
 16%|█▌        | 64/401 [00:40<02:13,  2.52it/s]
 16%|█▌        | 65/401 [00:41<02:04,  2.70it/s]
 16%|█▋        | 66/401 [00:42<02:57,  1.89it/s]
 17%|█▋        | 67/401 [00:42<02:23,  2.33it/s]
 17%|█▋        | 68/401 [00:42<01:51,  2.98it/s]
 17%|█▋        | 70/401 [00:43<02:00,  2.74it/s]
 18%|█▊        | 71/401 [00:43<01:47,  3.08it/s]
 18%|█▊        | 72/401 [00:44<02:16,  2.41it/s]
 18%|█▊        | 73/401 [00:44<01:59,  2.74it/s]
 18%|█▊        | 74/401 [00:45<02:27,  2.22it/s]
 19%|█▊        | 75/401 [00:45<02:46,  1.95it/s]
 19%|█▉        | 76/401 [00:46<03:00,  1.80it/s]
 19%|█▉        | 77/401 [00:47<03:10,  1.70it/s]
 19%|█▉        | 78/401 [00:47<02:23,  2.24it/s]
 20%|█▉        | 79/401 [00:47<02:43,  1.97it/s]
 20%|█▉        | 80/401 [00:48<02:57,  1.80it/s]
 20%|██        | 81/401 [00:48<02:53,  1.85it/s]
 20%|██        | 82/401 [00:49<03:04,  1.73it/s]
 21%|██        | 83/401 [00:50<03:11,  1.66it/s]
 21%|██        | 84/401 [00:50<03:17,  1.60it/s]
 21%|██        | 85/401 [00:51<02:41,  1.96it/s]
 21%|██▏       | 86/401 [00:51<02:55,  1.80it/s]
 22%|██▏       | 87/401 [00:53<04:51,  1.08it/s]
 22%|██▏       | 88/401 [00:54<04:25,  1.18it/s]
 22%|██▏       | 89/401 [00:55<04:31,  1.15it/s]
 22%|██▏       | 90/401 [00:55<03:21,  1.54it/s]
 23%|██▎       | 92/401 [00:56<02:41,  1.91it/s]
 23%|██▎       | 93/401 [00:56<02:09,  2.37it/s]
 23%|██▎       | 94/401 [00:57<03:08,  1.63it/s]
 24%|██▎       | 95/401 [00:58<03:33,  1.43it/s]
 24%|██▍       | 96/401 [00:58<03:29,  1.45it/s]
 24%|██▍       | 97/401 [00:59<03:27,  1.47it/s]
 24%|██▍       | 98/401 [00:59<02:47,  1.81it/s]
 25%|██▍       | 99/401 [01:00<02:08,  2.36it/s]
 25%|██▍       | 100/401 [01:00<01:47,  2.81it/s]
 25%|██▌       | 101/401 [01:00<02:01,  2.47it/s]
 26%|██▌       | 103/401 [01:01<01:26,  3.43it/s]
 26%|██▌       | 104/401 [01:01<01:54,  2.60it/s]
 26%|██▌       | 105/401 [01:02<02:14,  2.19it/s]
 27%|██▋       | 107/401 [01:02<01:36,  3.04it/s]
 27%|██▋       | 109/401 [01:03<01:41,  2.88it/s]
 28%|██▊       | 111/401 [01:04<01:42,  2.84it/s]
 28%|██▊       | 112/401 [01:04<01:59,  2.42it/s]
 28%|██▊       | 113/401 [01:05<02:00,  2.38it/s]
 28%|██▊       | 114/401 [01:05<01:59,  2.40it/s]
 29%|██▊       | 115/401 [01:05<01:39,  2.87it/s]
 29%|██▉       | 116/401 [01:06<02:02,  2.32it/s]
 29%|██▉       | 117/401 [01:06<01:51,  2.54it/s]
 29%|██▉       | 118/401 [01:06<01:28,  3.19it/s]
 30%|██▉       | 119/401 [01:07<01:58,  2.38it/s]
 30%|██▉       | 120/401 [01:07<01:34,  2.98it/s]
 30%|███       | 121/401 [01:07<01:17,  3.63it/s]
 30%|███       | 122/401 [01:08<01:27,  3.17it/s]
 31%|███       | 123/401 [01:09<02:17,  2.02it/s]
 31%|███       | 124/401 [01:10<02:51,  1.61it/s]
 31%|███       | 125/401 [01:10<03:15,  1.41it/s]
 31%|███▏      | 126/401 [01:11<02:27,  1.87it/s]
 32%|███▏      | 127/401 [01:12<02:57,  1.54it/s]
 32%|███▏      | 128/401 [01:12<03:19,  1.37it/s]
 32%|███▏      | 129/401 [01:13<03:12,  1.41it/s]
 32%|███▏      | 130/401 [01:14<03:29,  1.30it/s]
 33%|███▎      | 131/401 [01:15<03:07,  1.44it/s]
 33%|███▎      | 132/401 [01:15<02:25,  1.84it/s]
 33%|███▎      | 133/401 [01:17<04:06,  1.09it/s]
 33%|███▎      | 134/401 [01:17<03:45,  1.18it/s]
 34%|███▎      | 135/401 [01:18<03:30,  1.26it/s]
 34%|███▍      | 136/401 [01:19<03:19,  1.33it/s]
 34%|███▍      | 138/401 [01:19<02:31,  1.73it/s]
 35%|███▍      | 139/401 [01:20<02:27,  1.77it/s]
 35%|███▍      | 140/401 [01:20<01:58,  2.21it/s]
 35%|███▌      | 141/401 [01:21<02:42,  1.60it/s]
 35%|███▌      | 142/401 [01:22<03:03,  1.41it/s]
 36%|███▌      | 143/401 [01:22<02:29,  1.73it/s]
 36%|███▌      | 144/401 [01:23<02:34,  1.66it/s]
 36%|███▌      | 145/401 [01:23<02:02,  2.08it/s]
 36%|███▋      | 146/401 [01:24<02:16,  1.86it/s]
 37%|███▋      | 147/401 [01:24<02:25,  1.75it/s]
 37%|███▋      | 148/401 [01:25<01:59,  2.11it/s]
 37%|███▋      | 149/401 [01:25<02:13,  1.89it/s]
 37%|███▋      | 150/401 [01:26<02:22,  1.76it/s]
 38%|███▊      | 151/401 [01:27<02:49,  1.48it/s]
 38%|███▊      | 152/401 [01:28<02:46,  1.49it/s]
 38%|███▊      | 153/401 [01:28<02:14,  1.84it/s]
 38%|███▊      | 154/401 [01:28<01:56,  2.12it/s]
 39%|███▊      | 155/401 [01:29<02:28,  1.65it/s]
 39%|███▉      | 156/401 [01:30<02:51,  1.43it/s]
 39%|███▉      | 157/401 [01:31<03:06,  1.31it/s]
 40%|███▉      | 159/401 [01:31<02:17,  1.76it/s]
 40%|███▉      | 160/401 [01:32<01:57,  2.05it/s]
 40%|████      | 162/401 [01:32<01:43,  2.32it/s]
 41%|████      | 163/401 [01:33<01:47,  2.22it/s]
 41%|████      | 164/401 [01:33<01:50,  2.14it/s]
 41%|████      | 165/401 [01:34<02:02,  1.93it/s]
 41%|████▏     | 166/401 [01:35<02:11,  1.79it/s]
 42%|████▏     | 168/401 [01:36<01:51,  2.08it/s]
 42%|████▏     | 169/401 [01:36<02:01,  1.91it/s]
 42%|████▏     | 170/401 [01:37<02:09,  1.79it/s]
 43%|████▎     | 171/401 [01:38<02:14,  1.71it/s]
 43%|████▎     | 172/401 [01:38<01:52,  2.03it/s]
 43%|████▎     | 173/401 [01:38<02:03,  1.84it/s]
 43%|████▎     | 174/401 [01:39<02:11,  1.73it/s]
 44%|████▎     | 175/401 [01:40<02:15,  1.66it/s]
 44%|████▍     | 176/401 [01:40<02:19,  1.61it/s]
 44%|████▍     | 177/401 [01:41<02:38,  1.41it/s]
 44%|████▍     | 178/401 [01:42<02:34,  1.44it/s]
 45%|████▍     | 179/401 [01:43<02:31,  1.46it/s]
 45%|████▍     | 180/401 [01:43<02:29,  1.47it/s]
 45%|████▌     | 181/401 [01:44<02:28,  1.49it/s]
 45%|████▌     | 182/401 [01:45<02:26,  1.49it/s]
 46%|████▌     | 183/401 [01:47<03:58,  1.09s/it]
 46%|████▌     | 184/401 [01:49<05:00,  1.38s/it]
 46%|████▌     | 185/401 [01:51<05:44,  1.60s/it]
 46%|████▋     | 186/401 [01:53<06:14,  1.74s/it]
 47%|████▋     | 187/401 [01:55<06:35,  1.85s/it]
 47%|████▋     | 188/401 [01:55<04:42,  1.33s/it]
 47%|████▋     | 189/401 [01:57<05:32,  1.57s/it]
 47%|████▋     | 190/401 [01:59<06:03,  1.72s/it]
 48%|████▊     | 191/401 [02:00<05:18,  1.52s/it]
 48%|████▊     | 192/401 [02:02<04:48,  1.38s/it]
 48%|████▊     | 193/401 [02:02<03:27,  1.00it/s]
 48%|████▊     | 194/401 [02:02<02:33,  1.35it/s]
 49%|████▊     | 195/401 [02:04<03:55,  1.14s/it]
 49%|████▉     | 196/401 [02:05<03:47,  1.11s/it]
 49%|████▉     | 197/401 [02:06<03:46,  1.11s/it]
 49%|████▉     | 198/401 [02:08<04:42,  1.39s/it]
 50%|████▉     | 199/401 [02:09<04:19,  1.29s/it]
 50%|████▉     | 200/401 [02:10<04:03,  1.21s/it]
 50%|█████     | 201/401 [02:11<03:52,  1.16s/it]
 50%|█████     | 202/401 [02:12<03:43,  1.12s/it]
 51%|█████     | 203/401 [02:13<03:37,  1.10s/it]
 51%|█████     | 204/401 [02:14<03:32,  1.08s/it]
 51%|█████▏    | 206/401 [02:15<02:44,  1.19it/s]
 52%|█████▏    | 207/401 [02:16<02:53,  1.12it/s]
 52%|█████▏    | 208/401 [02:17<02:58,  1.08it/s]
 52%|█████▏    | 209/401 [02:18<02:22,  1.35it/s]
 52%|█████▏    | 210/401 [02:19<02:37,  1.21it/s]
 53%|█████▎    | 211/401 [02:19<02:17,  1.38it/s]
 53%|█████▎    | 212/401 [02:20<01:56,  1.62it/s]
 53%|█████▎    | 213/401 [02:20<01:48,  1.74it/s]
 53%|█████▎    | 214/401 [02:21<02:14,  1.39it/s]
 54%|█████▎    | 215/401 [02:22<01:57,  1.58it/s]
 54%|█████▍    | 216/401 [02:22<02:02,  1.51it/s]
 54%|█████▍    | 218/401 [02:23<01:24,  2.16it/s]
 55%|█████▍    | 219/401 [02:23<01:22,  2.21it/s]
 55%|█████▍    | 220/401 [02:24<01:20,  2.25it/s]
 55%|█████▌    | 221/401 [02:25<02:25,  1.24it/s]
 55%|█████▌    | 222/401 [02:26<02:05,  1.43it/s]
 56%|█████▌    | 224/401 [02:26<01:20,  2.20it/s]
 56%|█████▋    | 226/401 [02:26<00:54,  3.23it/s]
 57%|█████▋    | 227/401 [02:26<00:47,  3.68it/s]
 57%|█████▋    | 228/401 [02:27<00:51,  3.34it/s]
 57%|█████▋    | 229/401 [02:27<00:42,  4.00it/s]
 57%|█████▋    | 230/401 [02:28<01:20,  2.12it/s]
 58%|█████▊    | 231/401 [02:28<01:03,  2.69it/s]
 58%|█████▊    | 232/401 [02:28<01:02,  2.71it/s]
 58%|█████▊    | 234/401 [02:31<02:01,  1.38it/s]
 59%|█████▊    | 235/401 [02:31<01:39,  1.67it/s]
 59%|█████▉    | 237/401 [02:31<01:12,  2.26it/s]
 59%|█████▉    | 238/401 [02:32<01:06,  2.46it/s]
 60%|█████▉    | 239/401 [02:32<01:06,  2.44it/s]
 60%|█████▉    | 240/401 [02:32<00:54,  2.96it/s]
 60%|██████    | 242/401 [02:32<00:35,  4.42it/s]
 61%|██████    | 243/401 [02:33<00:44,  3.58it/s]
 61%|██████    | 244/401 [02:33<00:42,  3.73it/s]
 61%|██████▏   | 246/401 [02:34<00:40,  3.81it/s]
 62%|██████▏   | 247/401 [02:34<00:46,  3.33it/s]
 62%|██████▏   | 249/401 [02:35<00:54,  2.80it/s]
 63%|██████▎   | 251/401 [02:35<00:39,  3.76it/s]
 63%|██████▎   | 253/401 [02:35<00:28,  5.16it/s]
 63%|██████▎   | 254/401 [02:35<00:28,  5.22it/s]
 64%|██████▎   | 255/401 [02:36<00:52,  2.80it/s]
 64%|██████▍   | 256/401 [02:37<00:45,  3.16it/s]
 64%|██████▍   | 257/401 [02:37<00:41,  3.50it/s]
 64%|██████▍   | 258/401 [02:37<00:37,  3.82it/s]
 65%|██████▍   | 259/401 [02:37<00:34,  4.15it/s]
 65%|██████▌   | 261/401 [02:37<00:30,  4.53it/s]
 65%|██████▌   | 262/401 [02:38<00:29,  4.71it/s]
 66%|██████▌   | 263/401 [02:38<00:28,  4.85it/s]
 66%|██████▌   | 264/401 [02:38<00:24,  5.55it/s]
 66%|██████▌   | 265/401 [02:38<00:24,  5.52it/s]
 66%|██████▋   | 266/401 [02:38<00:24,  5.43it/s]
 67%|██████▋   | 268/401 [02:39<00:19,  6.88it/s]
 67%|██████▋   | 269/401 [02:39<00:26,  5.04it/s]
 67%|██████▋   | 270/401 [02:39<00:30,  4.24it/s]
 68%|██████▊   | 272/401 [02:39<00:21,  6.13it/s]
 68%|██████▊   | 274/401 [02:40<00:16,  7.54it/s]
 69%|██████▉   | 276/401 [02:40<00:14,  8.48it/s]
 69%|██████▉   | 277/401 [02:40<00:19,  6.51it/s]
 70%|██████▉   | 279/401 [02:40<00:15,  7.77it/s]
 70%|██████▉   | 280/401 [02:40<00:18,  6.64it/s]
 70%|███████   | 282/401 [02:41<00:14,  8.15it/s]
 71%|███████   | 283/401 [02:41<00:20,  5.84it/s]
 71%|███████   | 284/401 [02:41<00:20,  5.64it/s]
 71%|███████   | 285/401 [02:41<00:19,  6.06it/s]
 71%|███████▏  | 286/401 [02:41<00:19,  5.86it/s]
 72%|███████▏  | 287/401 [02:42<00:19,  5.75it/s]
 72%|███████▏  | 289/401 [02:42<00:16,  6.99it/s]
 73%|███████▎  | 291/401 [02:42<00:15,  7.05it/s]
 73%|███████▎  | 292/401 [02:43<00:31,  3.50it/s]
 73%|███████▎  | 293/401 [02:43<00:37,  2.90it/s]
 73%|███████▎  | 294/401 [02:45<01:13,  1.46it/s]
 74%|███████▍  | 296/401 [02:46<00:54,  1.92it/s]
 74%|███████▍  | 298/401 [02:46<00:39,  2.62it/s]
 75%|███████▍  | 299/401 [02:47<00:48,  2.11it/s]
 75%|███████▍  | 300/401 [02:47<00:48,  2.07it/s]
 75%|███████▌  | 302/401 [02:48<00:32,  3.09it/s]
 76%|███████▌  | 303/401 [02:48<00:36,  2.72it/s]
 76%|███████▌  | 304/401 [02:48<00:35,  2.71it/s]
 76%|███████▌  | 305/401 [02:49<00:43,  2.22it/s]
 76%|███████▋  | 306/401 [02:50<00:43,  2.20it/s]
 77%|███████▋  | 307/401 [02:50<00:44,  2.11it/s]
 77%|███████▋  | 308/401 [02:50<00:37,  2.45it/s]
 77%|███████▋  | 309/401 [02:51<00:36,  2.55it/s]
 77%|███████▋  | 310/401 [02:51<00:31,  2.90it/s]
 78%|███████▊  | 311/401 [02:51<00:34,  2.62it/s]
 78%|███████▊  | 312/401 [02:52<00:29,  2.99it/s]
 78%|███████▊  | 313/401 [02:52<00:23,  3.77it/s]
 78%|███████▊  | 314/401 [02:52<00:22,  3.91it/s]
 79%|███████▊  | 315/401 [02:52<00:19,  4.48it/s]
 79%|███████▉  | 317/401 [02:53<00:28,  2.98it/s]
 79%|███████▉  | 318/401 [02:53<00:26,  3.09it/s]
 80%|███████▉  | 319/401 [02:53<00:23,  3.56it/s]
 80%|███████▉  | 320/401 [02:54<00:23,  3.50it/s]
 80%|████████  | 321/401 [02:54<00:23,  3.46it/s]
 80%|████████  | 322/401 [02:54<00:23,  3.41it/s]
 81%|████████  | 323/401 [02:57<01:04,  1.21it/s]
 81%|████████  | 324/401 [02:59<01:33,  1.21s/it]
 81%|████████  | 325/401 [03:01<01:52,  1.48s/it]
 81%|████████▏ | 326/401 [03:01<01:29,  1.20s/it]
 82%|████████▏ | 327/401 [03:02<01:12,  1.02it/s]
 82%|████████▏ | 328/401 [03:02<00:56,  1.29it/s]
 82%|████████▏ | 329/401 [03:03<00:59,  1.21it/s]
 82%|████████▏ | 330/401 [03:05<01:26,  1.22s/it]
 83%|████████▎ | 331/401 [03:06<01:10,  1.01s/it]
 83%|████████▎ | 332/401 [03:08<01:33,  1.35s/it]
 83%|████████▎ | 333/401 [03:10<01:48,  1.59s/it]
 83%|████████▎ | 334/401 [03:10<01:18,  1.17s/it]
 84%|████████▎ | 335/401 [03:12<01:36,  1.47s/it]
 84%|████████▍ | 336/401 [03:14<01:48,  1.67s/it]
 84%|████████▍ | 337/401 [03:15<01:28,  1.38s/it]
 84%|████████▍ | 338/401 [03:15<01:06,  1.05s/it]
 85%|████████▍ | 339/401 [03:16<00:51,  1.21it/s]
 85%|████████▍ | 340/401 [03:16<00:37,  1.64it/s]
 85%|████████▌ | 342/401 [03:16<00:22,  2.60it/s]
 86%|████████▌ | 343/401 [03:16<00:20,  2.79it/s]
 86%|████████▌ | 344/401 [03:17<00:18,  3.16it/s]
 86%|████████▌ | 345/401 [03:17<00:25,  2.17it/s]
 86%|████████▋ | 346/401 [03:18<00:21,  2.53it/s]
 87%|████████▋ | 347/401 [03:18<00:18,  2.95it/s]
 87%|████████▋ | 348/401 [03:18<00:16,  3.22it/s]
 87%|████████▋ | 349/401 [03:18<00:13,  3.83it/s]
 87%|████████▋ | 350/401 [03:20<00:35,  1.45it/s]
 88%|████████▊ | 351/401 [03:22<00:55,  1.12s/it]
 88%|████████▊ | 352/401 [03:22<00:40,  1.21it/s]
 88%|████████▊ | 353/401 [03:24<00:58,  1.23s/it]
 89%|████████▊ | 355/401 [03:25<00:33,  1.38it/s]
 89%|████████▉ | 356/401 [03:26<00:43,  1.03it/s]
 89%|████████▉ | 357/401 [03:27<00:36,  1.22it/s]
 89%|████████▉ | 358/401 [03:27<00:33,  1.28it/s]
 90%|████████▉ | 359/401 [03:28<00:30,  1.39it/s]
 90%|████████▉ | 360/401 [03:29<00:27,  1.48it/s]
 90%|█████████ | 361/401 [03:29<00:22,  1.78it/s]
 90%|█████████ | 362/401 [03:29<00:17,  2.27it/s]
 91%|█████████ | 363/401 [03:29<00:13,  2.73it/s]
 91%|█████████ | 365/401 [03:30<00:16,  2.21it/s]
 91%|█████████▏| 366/401 [03:30<00:13,  2.67it/s]
 92%|█████████▏| 367/401 [03:31<00:12,  2.80it/s]
 92%|█████████▏| 369/401 [03:31<00:08,  3.92it/s]
 92%|█████████▏| 370/401 [03:32<00:13,  2.32it/s]
 93%|█████████▎| 371/401 [03:33<00:17,  1.74it/s]
 93%|█████████▎| 373/401 [03:34<00:15,  1.77it/s]
 93%|█████████▎| 374/401 [03:35<00:17,  1.51it/s]
 94%|█████████▎| 375/401 [03:36<00:19,  1.34it/s]
 94%|█████████▍| 376/401 [03:38<00:24,  1.01it/s]
 94%|█████████▍| 377/401 [03:38<00:18,  1.26it/s]
 94%|█████████▍| 378/401 [03:40<00:24,  1.06s/it]
 95%|█████████▍| 379/401 [03:42<00:30,  1.37s/it]
 95%|█████████▍| 380/401 [03:43<00:26,  1.27s/it]
 95%|█████████▌| 382/401 [03:45<00:20,  1.09s/it]
 96%|█████████▌| 383/401 [03:46<00:22,  1.25s/it]
 96%|█████████▌| 384/401 [03:48<00:22,  1.33s/it]
 96%|█████████▌| 385/401 [03:50<00:24,  1.55s/it]
 96%|█████████▋| 386/401 [03:51<00:18,  1.25s/it]
 97%|█████████▋| 387/401 [03:51<00:15,  1.10s/it]
 97%|█████████▋| 388/401 [03:52<00:12,  1.03it/s]
 97%|█████████▋| 389/401 [03:52<00:09,  1.29it/s]
 97%|█████████▋| 390/401 [03:53<00:07,  1.55it/s]
 98%|█████████▊| 391/401 [03:53<00:04,  2.02it/s]
 98%|█████████▊| 392/401 [03:53<00:04,  1.83it/s]
 98%|█████████▊| 393/401 [03:54<00:03,  2.36it/s]
 98%|█████████▊| 394/401 [03:54<00:02,  2.92it/s]
 99%|█████████▊| 395/401 [03:54<00:01,  3.34it/s]
 99%|█████████▉| 396/401 [03:56<00:04,  1.16it/s]
 99%|█████████▉| 397/401 [03:56<00:02,  1.53it/s]
 99%|█████████▉| 398/401 [03:58<00:03,  1.12s/it]
100%|█████████▉| 399/401 [04:01<00:02,  1.43s/it]
100%|█████████▉| 400/401 [04:01<00:01,  1.04s/it]
100%|██████████| 401/401 [04:01<00:00,  1.66it/s]
Keeping ['ae', 'lp', 'sc'] in profile
Temp data file saved at data/processed/TEMP_2025-07-15 06:56:52.061085_lp_processed_test.json.
	Running Ranking: ['python', 'retrieval/rank_dataset.py', '--model_name', 'facebook/contriever-msmarco', '--input_dataset_addr', 'data/processed/TEMP_2025-07-15 06:56:52.061085_lp_processed_test.json', '--output_dataset_addr', 'data/processed/TEMP_2025-07-15 06:56:52.061085_lp_processed_test.json', '--batch_size', '4']

  0%|          | 0/526 [00:00<?, ?it/s]
  0%|          | 1/526 [00:00<02:00,  4.37it/s]
  1%|          | 3/526 [00:00<00:56,  9.33it/s]
  1%|          | 6/526 [00:00<00:34, 15.23it/s]
  2%|▏         | 8/526 [00:00<01:05,  7.88it/s]
  2%|▏         | 11/526 [00:01<00:45, 11.36it/s]
  2%|▏         | 13/526 [00:01<00:53,  9.60it/s]
  3%|▎         | 15/526 [00:01<00:45, 11.18it/s]
  3%|▎         | 17/526 [00:01<00:43, 11.81it/s]
  4%|▎         | 19/526 [00:01<00:39, 12.87it/s]
  4%|▍         | 21/526 [00:02<01:33,  5.42it/s]
  4%|▍         | 23/526 [00:03<01:55,  4.35it/s]
  5%|▍         | 24/526 [00:03<02:11,  3.80it/s]
  5%|▍         | 25/526 [00:04<02:43,  3.07it/s]
  5%|▍         | 26/526 [00:04<02:24,  3.46it/s]
  5%|▌         | 28/526 [00:04<01:58,  4.19it/s]
  6%|▌         | 30/526 [00:05<02:38,  3.13it/s]
  6%|▌         | 31/526 [00:05<02:35,  3.18it/s]
  6%|▌         | 32/526 [00:06<02:16,  3.61it/s]
  6%|▋         | 33/526 [00:07<03:32,  2.32it/s]
  6%|▋         | 34/526 [00:07<03:47,  2.16it/s]
  7%|▋         | 35/526 [00:08<04:10,  1.96it/s]
  7%|▋         | 36/526 [00:08<03:18,  2.47it/s]
  7%|▋         | 37/526 [00:08<02:49,  2.89it/s]
  8%|▊         | 40/526 [00:08<01:31,  5.29it/s]
  8%|▊         | 42/526 [00:08<01:13,  6.58it/s]
  8%|▊         | 43/526 [00:09<01:33,  5.16it/s]
  9%|▊         | 45/526 [00:09<01:08,  6.97it/s]
  9%|▉         | 47/526 [00:09<01:16,  6.27it/s]
  9%|▉         | 48/526 [00:10<01:32,  5.17it/s]
 10%|▉         | 50/526 [00:10<01:18,  6.06it/s]
 10%|▉         | 52/526 [00:10<01:01,  7.69it/s]
 10%|█         | 54/526 [00:13<04:36,  1.71it/s]
 11%|█         | 57/526 [00:13<02:49,  2.77it/s]
 11%|█         | 59/526 [00:14<02:55,  2.65it/s]
 11%|█▏        | 60/526 [00:14<03:09,  2.46it/s]
 12%|█▏        | 61/526 [00:15<03:06,  2.49it/s]
 12%|█▏        | 62/526 [00:16<03:34,  2.16it/s]
 12%|█▏        | 63/526 [00:16<04:23,  1.76it/s]
 12%|█▏        | 64/526 [00:17<03:37,  2.12it/s]
 13%|█▎        | 66/526 [00:17<02:30,  3.05it/s]
 13%|█▎        | 67/526 [00:17<02:20,  3.27it/s]
 13%|█▎        | 68/526 [00:18<02:44,  2.79it/s]
 13%|█▎        | 70/526 [00:19<03:10,  2.39it/s]
 13%|█▎        | 71/526 [00:19<03:23,  2.24it/s]
 14%|█▎        | 72/526 [00:20<03:14,  2.34it/s]
 14%|█▍        | 73/526 [00:20<03:38,  2.07it/s]
 14%|█▍        | 74/526 [00:21<04:31,  1.67it/s]
 14%|█▍        | 75/526 [00:21<03:27,  2.17it/s]
 15%|█▍        | 77/526 [00:22<03:10,  2.35it/s]
 15%|█▍        | 78/526 [00:23<04:01,  1.85it/s]
 15%|█▌        | 80/526 [00:23<02:43,  2.73it/s]
 16%|█▌        | 82/526 [00:24<02:44,  2.69it/s]
 16%|█▌        | 84/526 [00:25<02:39,  2.78it/s]
 16%|█▌        | 85/526 [00:26<03:38,  2.02it/s]
 16%|█▋        | 86/526 [00:26<03:07,  2.34it/s]
 17%|█▋        | 87/526 [00:26<03:29,  2.09it/s]
 17%|█▋        | 88/526 [00:27<02:56,  2.48it/s]
 17%|█▋        | 89/526 [00:27<02:31,  2.88it/s]
 17%|█▋        | 90/526 [00:27<02:18,  3.15it/s]
 17%|█▋        | 91/526 [00:27<02:12,  3.30it/s]
 18%|█▊        | 93/526 [00:27<01:27,  4.96it/s]
 18%|█▊        | 95/526 [00:28<01:02,  6.91it/s]
 18%|█▊        | 97/526 [00:28<01:37,  4.38it/s]
 19%|█▊        | 98/526 [00:30<03:46,  1.89it/s]
 19%|█▉        | 99/526 [00:32<06:16,  1.13it/s]
 19%|█▉        | 101/526 [00:32<04:10,  1.70it/s]
 19%|█▉        | 102/526 [00:33<03:38,  1.94it/s]
 20%|█▉        | 103/526 [00:33<03:22,  2.09it/s]
 20%|█▉        | 104/526 [00:34<04:10,  1.68it/s]
 20%|██        | 106/526 [00:34<02:56,  2.38it/s]
 21%|██        | 108/526 [00:35<02:10,  3.21it/s]
 21%|██        | 109/526 [00:35<01:59,  3.50it/s]
 21%|██        | 110/526 [00:35<02:28,  2.80it/s]
 21%|██        | 111/526 [00:36<02:17,  3.03it/s]
 21%|██▏       | 112/526 [00:36<02:09,  3.21it/s]
 22%|██▏       | 114/526 [00:36<01:27,  4.69it/s]
 22%|██▏       | 116/526 [00:36<01:05,  6.27it/s]
 22%|██▏       | 117/526 [00:37<01:56,  3.52it/s]
 22%|██▏       | 118/526 [00:38<02:39,  2.57it/s]
 23%|██▎       | 119/526 [00:38<02:18,  2.93it/s]
 23%|██▎       | 120/526 [00:38<02:50,  2.38it/s]
 23%|██▎       | 121/526 [00:39<02:20,  2.88it/s]
 23%|██▎       | 122/526 [00:39<03:05,  2.17it/s]
 23%|██▎       | 123/526 [00:40<03:31,  1.91it/s]
 24%|██▎       | 124/526 [00:41<04:16,  1.56it/s]
 24%|██▍       | 126/526 [00:41<02:31,  2.64it/s]
 24%|██▍       | 127/526 [00:41<02:06,  3.15it/s]
 24%|██▍       | 128/526 [00:41<01:45,  3.78it/s]
 25%|██▍       | 129/526 [00:42<01:40,  3.97it/s]
 25%|██▍       | 130/526 [00:42<01:36,  4.10it/s]
 25%|██▍       | 131/526 [00:42<01:26,  4.55it/s]
 25%|██▌       | 133/526 [00:42<01:04,  6.06it/s]
 26%|██▌       | 135/526 [00:42<00:57,  6.81it/s]
 26%|██▌       | 136/526 [00:43<01:00,  6.42it/s]
 26%|██▌       | 138/526 [00:43<00:50,  7.65it/s]
 26%|██▋       | 139/526 [00:43<00:58,  6.57it/s]
 27%|██▋       | 140/526 [00:43<00:55,  6.96it/s]
 27%|██▋       | 141/526 [00:43<00:53,  7.18it/s]
 27%|██▋       | 143/526 [00:44<01:04,  5.92it/s]
 28%|██▊       | 145/526 [00:44<01:38,  3.86it/s]
 28%|██▊       | 146/526 [00:45<01:34,  4.02it/s]
 28%|██▊       | 147/526 [00:45<01:31,  4.12it/s]
 28%|██▊       | 149/526 [00:45<01:14,  5.07it/s]
 29%|██▊       | 151/526 [00:45<00:58,  6.38it/s]
 29%|██▉       | 153/526 [00:45<00:48,  7.73it/s]
 29%|██▉       | 154/526 [00:46<01:25,  4.36it/s]
 29%|██▉       | 155/526 [00:47<01:50,  3.35it/s]
 30%|██▉       | 156/526 [00:47<02:20,  2.63it/s]
 30%|██▉       | 157/526 [00:48<02:09,  2.86it/s]
 30%|███       | 160/526 [00:49<02:02,  2.98it/s]
 31%|███       | 161/526 [00:49<01:50,  3.30it/s]
 31%|███       | 162/526 [00:50<02:59,  2.03it/s]
 31%|███       | 164/526 [00:50<02:05,  2.88it/s]
 32%|███▏      | 166/526 [00:50<01:28,  4.06it/s]
 32%|███▏      | 167/526 [00:50<01:24,  4.27it/s]
 32%|███▏      | 168/526 [00:51<02:03,  2.89it/s]
 32%|███▏      | 169/526 [00:51<01:49,  3.27it/s]
 33%|███▎      | 171/526 [00:53<02:30,  2.36it/s]
 33%|███▎      | 172/526 [00:53<02:04,  2.84it/s]
 33%|███▎      | 173/526 [00:53<01:49,  3.23it/s]
 33%|███▎      | 174/526 [00:53<01:41,  3.47it/s]
 33%|███▎      | 176/526 [00:54<01:41,  3.43it/s]
 34%|███▍      | 178/526 [00:54<01:13,  4.74it/s]
 34%|███▍      | 180/526 [00:55<01:38,  3.52it/s]
 35%|███▍      | 182/526 [00:56<02:03,  2.79it/s]
 35%|███▍      | 184/526 [00:56<01:45,  3.23it/s]
 35%|███▌      | 186/526 [00:57<02:09,  2.62it/s]
 36%|███▌      | 187/526 [00:57<02:00,  2.81it/s]
 36%|███▌      | 188/526 [00:58<01:57,  2.89it/s]
 36%|███▌      | 190/526 [00:58<01:20,  4.18it/s]
 37%|███▋      | 192/526 [00:58<01:02,  5.33it/s]
 37%|███▋      | 194/526 [00:58<00:49,  6.77it/s]
 37%|███▋      | 196/526 [01:00<01:50,  2.98it/s]
 37%|███▋      | 197/526 [01:00<01:38,  3.33it/s]
 38%|███▊      | 198/526 [01:00<01:33,  3.51it/s]
 38%|███▊      | 199/526 [01:01<02:37,  2.08it/s]
 38%|███▊      | 200/526 [01:01<02:08,  2.53it/s]
 38%|███▊      | 201/526 [01:02<02:18,  2.34it/s]
 38%|███▊      | 202/526 [01:02<01:52,  2.87it/s]
 39%|███▊      | 203/526 [01:02<02:06,  2.55it/s]
 39%|███▉      | 206/526 [01:03<01:07,  4.76it/s]
 39%|███▉      | 207/526 [01:03<01:02,  5.11it/s]
 40%|████      | 211/526 [01:03<00:58,  5.36it/s]
 40%|████      | 212/526 [01:04<00:56,  5.54it/s]
 41%|████      | 214/526 [01:04<00:46,  6.68it/s]
 41%|████      | 215/526 [01:04<01:01,  5.08it/s]
 41%|████      | 216/526 [01:04<01:01,  5.04it/s]
 41%|████▏     | 217/526 [01:05<01:32,  3.34it/s]
 41%|████▏     | 218/526 [01:06<01:57,  2.62it/s]
 42%|████▏     | 219/526 [01:06<02:03,  2.48it/s]
 42%|████▏     | 221/526 [01:06<01:18,  3.90it/s]
 42%|████▏     | 223/526 [01:07<01:29,  3.40it/s]
 43%|████▎     | 224/526 [01:07<01:16,  3.93it/s]
 43%|████▎     | 225/526 [01:07<01:16,  3.96it/s]
 43%|████▎     | 227/526 [01:08<01:03,  4.73it/s]
 44%|████▎     | 229/526 [01:08<00:58,  5.07it/s]
 44%|████▎     | 230/526 [01:08<00:53,  5.51it/s]
 44%|████▍     | 231/526 [01:09<01:23,  3.52it/s]
 44%|████▍     | 233/526 [01:09<01:00,  4.83it/s]
 44%|████▍     | 234/526 [01:10<01:34,  3.09it/s]
 45%|████▍     | 235/526 [01:10<01:33,  3.12it/s]
 45%|████▌     | 237/526 [01:10<01:11,  4.03it/s]
 45%|████▌     | 238/526 [01:10<01:03,  4.56it/s]
 46%|████▌     | 241/526 [01:11<01:06,  4.27it/s]
 46%|████▌     | 243/526 [01:11<01:00,  4.66it/s]
 46%|████▋     | 244/526 [01:12<01:01,  4.57it/s]
 47%|████▋     | 245/526 [01:12<01:26,  3.25it/s]
 47%|████▋     | 246/526 [01:12<01:17,  3.62it/s]
 47%|████▋     | 247/526 [01:13<01:05,  4.27it/s]
 47%|████▋     | 248/526 [01:13<01:13,  3.76it/s]
 47%|████▋     | 249/526 [01:14<01:40,  2.75it/s]
 48%|████▊     | 251/526 [01:14<01:33,  2.96it/s]
 48%|████▊     | 252/526 [01:14<01:22,  3.31it/s]
 48%|████▊     | 253/526 [01:14<01:09,  3.93it/s]
 48%|████▊     | 255/526 [01:15<01:18,  3.46it/s]
 49%|████▊     | 256/526 [01:15<01:08,  3.93it/s]
 49%|████▉     | 257/526 [01:16<01:41,  2.64it/s]
 49%|████▉     | 258/526 [01:17<01:51,  2.41it/s]
 49%|████▉     | 260/526 [01:17<01:12,  3.69it/s]
 50%|████▉     | 261/526 [01:17<01:14,  3.57it/s]
 50%|█████     | 263/526 [01:18<01:17,  3.40it/s]
 50%|█████     | 264/526 [01:18<01:27,  2.99it/s]
 51%|█████     | 266/526 [01:19<01:16,  3.40it/s]
 51%|█████     | 267/526 [01:19<01:20,  3.21it/s]
 51%|█████     | 269/526 [01:19<00:59,  4.31it/s]
 51%|█████▏    | 270/526 [01:19<01:04,  3.99it/s]
 52%|█████▏    | 271/526 [01:20<00:55,  4.58it/s]
 52%|█████▏    | 272/526 [01:20<00:59,  4.24it/s]
 52%|█████▏    | 273/526 [01:20<01:24,  2.98it/s]
 52%|█████▏    | 274/526 [01:21<01:17,  3.27it/s]
 52%|█████▏    | 275/526 [01:23<03:20,  1.25it/s]
 52%|█████▏    | 276/526 [01:23<02:30,  1.66it/s]
 53%|█████▎    | 277/526 [01:23<01:55,  2.16it/s]
 53%|█████▎    | 278/526 [01:23<01:51,  2.22it/s]
 53%|█████▎    | 279/526 [01:25<03:48,  1.08it/s]
 53%|█████▎    | 280/526 [01:27<05:09,  1.26s/it]
 53%|█████▎    | 281/526 [01:30<06:05,  1.49s/it]
 54%|█████▎    | 282/526 [01:32<06:44,  1.66s/it]
 54%|█████▍    | 283/526 [01:34<07:12,  1.78s/it]
 54%|█████▍    | 284/526 [01:36<07:30,  1.86s/it]
 54%|█████▍    | 285/526 [01:36<05:33,  1.38s/it]
 54%|█████▍    | 286/526 [01:36<04:29,  1.12s/it]
 55%|█████▍    | 287/526 [01:37<03:15,  1.23it/s]
 55%|█████▍    | 288/526 [01:37<02:27,  1.61it/s]
 55%|█████▍    | 289/526 [01:37<01:50,  2.14it/s]
 55%|█████▌    | 291/526 [01:37<01:32,  2.53it/s]
 56%|█████▌    | 292/526 [01:38<01:16,  3.06it/s]
 56%|█████▌    | 293/526 [01:38<01:21,  2.87it/s]
 56%|█████▌    | 294/526 [01:38<01:10,  3.31it/s]
 56%|█████▌    | 295/526 [01:38<01:01,  3.77it/s]
 56%|█████▋    | 296/526 [01:39<00:55,  4.12it/s]
 57%|█████▋    | 298/526 [01:40<02:02,  1.86it/s]
 57%|█████▋    | 299/526 [01:42<03:06,  1.21it/s]
 57%|█████▋    | 300/526 [01:43<03:09,  1.19it/s]
 57%|█████▋    | 301/526 [01:44<02:57,  1.27it/s]
 57%|█████▋    | 302/526 [01:44<03:01,  1.24it/s]
 58%|█████▊    | 303/526 [01:45<03:05,  1.20it/s]
 58%|█████▊    | 304/526 [01:46<02:22,  1.56it/s]
 58%|█████▊    | 305/526 [01:46<02:38,  1.40it/s]
 58%|█████▊    | 306/526 [01:47<02:46,  1.32it/s]
 58%|█████▊    | 307/526 [01:48<02:53,  1.26it/s]
 59%|█████▊    | 308/526 [01:49<02:54,  1.25it/s]
 59%|█████▊    | 309/526 [01:49<02:13,  1.63it/s]
 59%|█████▉    | 310/526 [01:50<02:08,  1.68it/s]
 59%|█████▉    | 311/526 [01:50<01:37,  2.20it/s]
 59%|█████▉    | 312/526 [01:51<02:05,  1.70it/s]
 60%|█████▉    | 313/526 [01:52<02:24,  1.47it/s]
 60%|█████▉    | 314/526 [01:53<02:40,  1.32it/s]
 60%|█████▉    | 315/526 [01:54<03:43,  1.06s/it]
 60%|██████    | 317/526 [01:55<02:28,  1.41it/s]
 60%|██████    | 318/526 [01:55<02:19,  1.49it/s]
 61%|██████    | 319/526 [01:56<01:54,  1.81it/s]
 61%|██████    | 321/526 [01:57<01:49,  1.87it/s]
 61%|██████    | 322/526 [01:57<01:33,  2.18it/s]
 61%|██████▏   | 323/526 [01:57<01:16,  2.64it/s]
 62%|██████▏   | 324/526 [01:57<01:04,  3.13it/s]
 62%|██████▏   | 325/526 [01:57<00:54,  3.66it/s]
 62%|██████▏   | 327/526 [01:58<00:42,  4.67it/s]
 62%|██████▏   | 328/526 [01:58<00:37,  5.30it/s]
 63%|██████▎   | 331/526 [01:58<00:26,  7.36it/s]
 63%|██████▎   | 332/526 [01:58<00:34,  5.69it/s]
 63%|██████▎   | 333/526 [01:58<00:31,  6.08it/s]
 63%|██████▎   | 334/526 [01:59<01:05,  2.91it/s]
 64%|██████▎   | 335/526 [02:00<01:04,  2.94it/s]
 64%|██████▍   | 336/526 [02:01<01:33,  2.02it/s]
 64%|██████▍   | 337/526 [02:01<01:30,  2.08it/s]
 64%|██████▍   | 338/526 [02:01<01:24,  2.22it/s]
 64%|██████▍   | 339/526 [02:02<01:13,  2.53it/s]
 65%|██████▍   | 340/526 [02:04<02:43,  1.14it/s]
 65%|██████▌   | 342/526 [02:04<01:44,  1.76it/s]
 65%|██████▌   | 343/526 [02:05<01:44,  1.75it/s]
 66%|██████▌   | 345/526 [02:09<03:31,  1.17s/it]
 66%|██████▌   | 346/526 [02:11<04:07,  1.37s/it]
 66%|██████▌   | 347/526 [02:15<05:58,  2.00s/it]
 66%|██████▌   | 348/526 [02:15<04:53,  1.65s/it]
 66%|██████▋   | 349/526 [02:16<03:45,  1.28s/it]
 67%|██████▋   | 350/526 [02:20<05:59,  2.04s/it]
 67%|██████▋   | 351/526 [02:22<05:58,  2.05s/it]
 67%|██████▋   | 352/526 [02:22<04:20,  1.50s/it]
 67%|██████▋   | 353/526 [02:22<03:08,  1.09s/it]
 67%|██████▋   | 355/526 [02:22<01:54,  1.49it/s]
 68%|██████▊   | 357/526 [02:23<01:22,  2.05it/s]
 68%|██████▊   | 358/526 [02:23<01:16,  2.19it/s]
 68%|██████▊   | 359/526 [02:23<01:03,  2.62it/s]
 69%|██████▊   | 361/526 [02:23<00:44,  3.72it/s]
 69%|██████▉   | 363/526 [02:24<00:41,  3.95it/s]
 69%|██████▉   | 364/526 [02:24<00:36,  4.43it/s]
 69%|██████▉   | 365/526 [02:24<00:40,  3.95it/s]
 70%|██████▉   | 366/526 [02:25<01:08,  2.32it/s]
 70%|██████▉   | 368/526 [02:26<00:45,  3.49it/s]
 70%|███████   | 369/526 [02:26<00:43,  3.59it/s]
 70%|███████   | 370/526 [02:30<03:04,  1.19s/it]
 71%|███████   | 371/526 [02:34<04:56,  1.92s/it]
 71%|███████   | 372/526 [02:38<06:18,  2.46s/it]
 71%|███████   | 374/526 [02:38<03:34,  1.41s/it]
 71%|███████▏  | 375/526 [02:42<05:05,  2.02s/it]
 72%|███████▏  | 377/526 [02:42<03:12,  1.29s/it]
 72%|███████▏  | 379/526 [02:43<02:08,  1.14it/s]
 72%|███████▏  | 380/526 [02:43<01:45,  1.38it/s]
 72%|███████▏  | 381/526 [02:47<03:31,  1.46s/it]
 73%|███████▎  | 382/526 [02:47<02:49,  1.18s/it]
 73%|███████▎  | 383/526 [02:47<02:13,  1.07it/s]
 73%|███████▎  | 384/526 [02:51<04:09,  1.76s/it]
 73%|███████▎  | 385/526 [02:55<05:33,  2.37s/it]
 73%|███████▎  | 386/526 [02:56<04:21,  1.87s/it]
 74%|███████▎  | 387/526 [02:56<03:10,  1.37s/it]
 74%|███████▍  | 388/526 [02:56<02:24,  1.05s/it]
 74%|███████▍  | 389/526 [02:56<01:56,  1.17it/s]
 74%|███████▍  | 390/526 [02:57<01:36,  1.40it/s]
 75%|███████▍  | 392/526 [02:57<00:56,  2.35it/s]
 75%|███████▍  | 393/526 [02:57<00:54,  2.43it/s]
 75%|███████▌  | 395/526 [02:58<00:34,  3.81it/s]
 75%|███████▌  | 397/526 [02:58<00:25,  5.03it/s]
 76%|███████▌  | 398/526 [02:58<00:24,  5.16it/s]
 76%|███████▌  | 399/526 [03:02<02:17,  1.08s/it]
 76%|███████▌  | 401/526 [03:06<03:02,  1.46s/it]
 76%|███████▋  | 402/526 [03:06<02:29,  1.21s/it]
 77%|███████▋  | 403/526 [03:06<01:58,  1.04it/s]
 77%|███████▋  | 404/526 [03:07<01:31,  1.33it/s]
 77%|███████▋  | 405/526 [03:07<01:10,  1.71it/s]
 77%|███████▋  | 406/526 [03:10<02:26,  1.22s/it]
 78%|███████▊  | 408/526 [03:10<01:24,  1.40it/s]
 78%|███████▊  | 409/526 [03:10<01:13,  1.58it/s]
 78%|███████▊  | 411/526 [03:14<02:19,  1.21s/it]
 78%|███████▊  | 412/526 [03:14<01:49,  1.04it/s]
 79%|███████▊  | 414/526 [03:15<01:08,  1.63it/s]
 79%|███████▉  | 415/526 [03:15<00:58,  1.91it/s]
 79%|███████▉  | 417/526 [03:15<00:41,  2.65it/s]
 79%|███████▉  | 418/526 [03:16<00:55,  1.94it/s]
 80%|███████▉  | 420/526 [03:16<00:37,  2.86it/s]
 80%|████████  | 421/526 [03:18<01:20,  1.31it/s]
 80%|████████  | 423/526 [03:19<00:53,  1.92it/s]
 81%|████████  | 425/526 [03:19<00:37,  2.72it/s]
 81%|████████  | 426/526 [03:19<00:32,  3.10it/s]
 81%|████████▏ | 428/526 [03:19<00:23,  4.25it/s]
 82%|████████▏ | 430/526 [03:19<00:17,  5.60it/s]
 82%|████████▏ | 432/526 [03:20<00:21,  4.36it/s]
 82%|████████▏ | 433/526 [03:20<00:19,  4.83it/s]
 83%|████████▎ | 435/526 [03:22<00:36,  2.48it/s]
 83%|████████▎ | 436/526 [03:22<00:39,  2.28it/s]
 83%|████████▎ | 438/526 [03:23<00:34,  2.54it/s]
 83%|████████▎ | 439/526 [03:23<00:37,  2.33it/s]
 84%|████████▎ | 440/526 [03:24<00:35,  2.40it/s]
 84%|████████▍ | 442/526 [03:24<00:26,  3.22it/s]
 84%|████████▍ | 444/526 [03:25<00:30,  2.65it/s]
 85%|████████▍ | 445/526 [03:26<00:40,  2.02it/s]
 85%|████████▍ | 446/526 [03:26<00:33,  2.41it/s]
 85%|████████▍ | 447/526 [03:26<00:29,  2.70it/s]
 85%|████████▌ | 448/526 [03:27<00:23,  3.32it/s]
 86%|████████▌ | 450/526 [03:27<00:14,  5.10it/s]
 86%|████████▌ | 452/526 [03:27<00:10,  6.97it/s]
 86%|████████▋ | 454/526 [03:27<00:11,  6.23it/s]
 87%|████████▋ | 456/526 [03:27<00:09,  7.38it/s]
 87%|████████▋ | 458/526 [03:27<00:08,  8.47it/s]
 87%|████████▋ | 460/526 [03:28<00:10,  6.53it/s]
 88%|████████▊ | 462/526 [03:28<00:08,  7.38it/s]
 88%|████████▊ | 463/526 [03:28<00:09,  6.62it/s]
 88%|████████▊ | 465/526 [03:29<00:08,  7.48it/s]
 89%|████████▊ | 466/526 [03:29<00:09,  6.66it/s]
 89%|████████▉ | 467/526 [03:29<00:10,  5.82it/s]
 89%|████████▉ | 469/526 [03:29<00:07,  7.75it/s]
 90%|████████▉ | 471/526 [03:29<00:06,  9.01it/s]
 90%|████████▉ | 473/526 [03:30<00:06,  8.14it/s]
 90%|█████████ | 475/526 [03:30<00:09,  5.51it/s]
 90%|█████████ | 476/526 [03:30<00:09,  5.28it/s]
 91%|█████████ | 479/526 [03:31<00:09,  5.17it/s]
 91%|█████████▏| 480/526 [03:31<00:09,  4.90it/s]
 91%|█████████▏| 481/526 [03:32<00:15,  2.94it/s]
 92%|█████████▏| 482/526 [03:32<00:13,  3.21it/s]
 92%|█████████▏| 483/526 [03:32<00:11,  3.72it/s]
 92%|█████████▏| 484/526 [03:33<00:10,  4.19it/s]
 92%|█████████▏| 485/526 [03:33<00:08,  4.75it/s]
 93%|█████████▎| 487/526 [03:33<00:06,  6.10it/s]
 93%|█████████▎| 489/526 [03:33<00:04,  7.56it/s]
 93%|█████████▎| 490/526 [03:33<00:04,  7.64it/s]
 93%|█████████▎| 491/526 [03:34<00:06,  5.05it/s]
 94%|█████████▎| 493/526 [03:36<00:19,  1.70it/s]
 94%|█████████▍| 495/526 [03:36<00:12,  2.43it/s]
 94%|█████████▍| 497/526 [03:37<00:11,  2.49it/s]
 95%|█████████▍| 498/526 [03:38<00:14,  1.96it/s]
 95%|█████████▍| 499/526 [03:39<00:16,  1.59it/s]
 95%|█████████▌| 500/526 [03:39<00:13,  1.99it/s]
 95%|█████████▌| 501/526 [03:39<00:10,  2.42it/s]
 96%|█████████▌| 503/526 [03:39<00:06,  3.70it/s]
 96%|█████████▌| 504/526 [03:40<00:05,  4.02it/s]
 96%|█████████▌| 505/526 [03:40<00:05,  3.85it/s]
 96%|█████████▌| 506/526 [03:40<00:04,  4.34it/s]
 97%|█████████▋| 508/526 [03:40<00:03,  4.95it/s]
 97%|█████████▋| 510/526 [03:41<00:04,  3.99it/s]
 97%|█████████▋| 511/526 [03:41<00:04,  3.70it/s]
 97%|█████████▋| 512/526 [03:41<00:03,  4.32it/s]
 98%|█████████▊| 513/526 [03:42<00:04,  3.19it/s]
 98%|█████████▊| 514/526 [03:42<00:03,  3.58it/s]
 98%|█████████▊| 515/526 [03:42<00:02,  3.74it/s]
 98%|█████████▊| 517/526 [03:43<00:01,  4.52it/s]
 98%|█████████▊| 518/526 [03:43<00:01,  4.87it/s]
 99%|█████████▉| 520/526 [03:44<00:01,  3.73it/s]
 99%|█████████▉| 522/526 [03:46<00:02,  1.75it/s]
 99%|█████████▉| 523/526 [03:48<00:02,  1.12it/s]
100%|█████████▉| 524/526 [03:50<00:02,  1.19s/it]
100%|█████████▉| 525/526 [03:50<00:00,  1.06it/s]
100%|██████████| 526/526 [03:52<00:00,  1.25s/it]
100%|██████████| 526/526 [03:52<00:00,  2.26it/s]
Keeping ['ae', 'lp', 'sc'] in profile
Temp data file saved at data/processed/TEMP_2025-07-15 07:00:58.177727_sc_processed_test.json.
	Running Ranking: ['python', 'retrieval/rank_dataset.py', '--model_name', 'facebook/contriever-msmarco', '--input_dataset_addr', 'data/processed/TEMP_2025-07-15 07:00:58.177727_sc_processed_test.json', '--output_dataset_addr', 'data/processed/TEMP_2025-07-15 07:00:58.177727_sc_processed_test.json', '--batch_size', '4']

  0%|          | 0/424 [00:00<?, ?it/s]
  0%|          | 1/424 [00:00<02:00,  3.51it/s]
  0%|          | 2/424 [00:00<03:07,  2.25it/s]
  1%|          | 4/424 [00:01<03:26,  2.04it/s]
  1%|          | 5/424 [00:02<02:42,  2.58it/s]
  2%|▏         | 7/424 [00:02<02:25,  2.87it/s]
  2%|▏         | 8/424 [00:03<02:28,  2.80it/s]
  2%|▏         | 10/424 [00:03<01:47,  3.86it/s]
  3%|▎         | 12/424 [00:03<01:27,  4.69it/s]
  3%|▎         | 13/424 [00:04<02:37,  2.60it/s]
  4%|▎         | 15/424 [00:04<01:55,  3.54it/s]
  4%|▍         | 16/424 [00:05<02:01,  3.37it/s]
  4%|▍         | 17/424 [00:05<01:49,  3.72it/s]
  4%|▍         | 18/424 [00:05<01:36,  4.22it/s]
  4%|▍         | 19/424 [00:05<01:50,  3.66it/s]
  5%|▍         | 20/424 [00:05<01:31,  4.40it/s]
  5%|▌         | 22/424 [00:06<01:30,  4.43it/s]
  5%|▌         | 23/424 [00:07<02:38,  2.53it/s]
  6%|▌         | 24/424 [00:07<02:37,  2.54it/s]
  6%|▌         | 25/424 [00:08<02:54,  2.28it/s]
  6%|▌         | 26/424 [00:08<02:47,  2.37it/s]
  6%|▋         | 27/424 [00:09<03:47,  1.75it/s]
  7%|▋         | 28/424 [00:09<03:25,  1.93it/s]
  7%|▋         | 29/424 [00:10<02:43,  2.42it/s]
  7%|▋         | 30/424 [00:10<02:07,  3.08it/s]
  7%|▋         | 31/424 [00:10<02:13,  2.95it/s]
  8%|▊         | 34/424 [00:10<01:16,  5.11it/s]
  9%|▊         | 37/424 [00:11<01:10,  5.46it/s]
  9%|▉         | 38/424 [00:11<01:09,  5.56it/s]
  9%|▉         | 40/424 [00:11<00:56,  6.78it/s]
 10%|▉         | 41/424 [00:11<00:56,  6.81it/s]
 10%|▉         | 42/424 [00:12<01:15,  5.06it/s]
 10%|█         | 44/424 [00:13<02:01,  3.14it/s]
 11%|█         | 45/424 [00:13<02:05,  3.02it/s]
 11%|█         | 46/424 [00:13<01:50,  3.43it/s]
 11%|█         | 47/424 [00:14<01:57,  3.20it/s]
 11%|█▏        | 48/424 [00:14<02:05,  3.00it/s]
 12%|█▏        | 49/424 [00:14<02:08,  2.91it/s]
 12%|█▏        | 51/424 [00:15<01:45,  3.54it/s]
 12%|█▏        | 52/424 [00:15<01:44,  3.57it/s]
 12%|█▎        | 53/424 [00:15<01:51,  3.32it/s]
 13%|█▎        | 54/424 [00:16<02:15,  2.73it/s]
 13%|█▎        | 55/424 [00:16<01:54,  3.23it/s]
 13%|█▎        | 56/424 [00:17<02:00,  3.06it/s]
 14%|█▍        | 59/424 [00:18<02:03,  2.97it/s]
 15%|█▍        | 62/424 [00:20<02:59,  2.01it/s]
 15%|█▍        | 63/424 [00:20<02:52,  2.09it/s]
 15%|█▌        | 64/424 [00:20<02:28,  2.42it/s]
 16%|█▌        | 66/424 [00:21<02:40,  2.23it/s]
 16%|█▌        | 67/424 [00:21<02:16,  2.61it/s]
 16%|█▌        | 68/424 [00:22<02:13,  2.67it/s]
 16%|█▋        | 69/424 [00:23<03:02,  1.95it/s]
 17%|█▋        | 70/424 [00:23<02:34,  2.30it/s]
 17%|█▋        | 71/424 [00:23<02:12,  2.66it/s]
 17%|█▋        | 72/424 [00:23<01:56,  3.03it/s]
 17%|█▋        | 73/424 [00:24<01:44,  3.36it/s]
 17%|█▋        | 74/424 [00:24<01:34,  3.68it/s]
 18%|█▊        | 75/424 [00:25<03:02,  1.91it/s]
 18%|█▊        | 77/424 [00:25<01:58,  2.93it/s]
 19%|█▊        | 79/424 [00:25<01:20,  4.27it/s]
 19%|█▉        | 81/424 [00:26<01:29,  3.82it/s]
 19%|█▉        | 82/424 [00:26<01:42,  3.33it/s]
 20%|█▉        | 83/424 [00:27<02:07,  2.68it/s]
 20%|██        | 85/424 [00:28<02:03,  2.74it/s]
 20%|██        | 86/424 [00:28<02:18,  2.44it/s]
 21%|██        | 87/424 [00:29<02:35,  2.17it/s]
 21%|██        | 88/424 [00:29<02:13,  2.52it/s]
 21%|██        | 89/424 [00:30<02:33,  2.19it/s]
 21%|██        | 90/424 [00:30<02:02,  2.73it/s]
 21%|██▏       | 91/424 [00:30<02:27,  2.25it/s]
 22%|██▏       | 92/424 [00:31<02:46,  1.99it/s]
 22%|██▏       | 93/424 [00:31<02:35,  2.13it/s]
 22%|██▏       | 94/424 [00:32<02:49,  1.95it/s]
 23%|██▎       | 96/424 [00:32<01:51,  2.94it/s]
 23%|██▎       | 98/424 [00:32<01:13,  4.41it/s]
 24%|██▎       | 100/424 [00:33<01:13,  4.43it/s]
 24%|██▍       | 101/424 [00:34<01:48,  2.97it/s]
 24%|██▍       | 102/424 [00:34<01:37,  3.31it/s]
 24%|██▍       | 103/424 [00:34<01:24,  3.82it/s]
 25%|██▍       | 105/424 [00:35<01:20,  3.97it/s]
 25%|██▌       | 107/424 [00:35<01:16,  4.14it/s]
 26%|██▌       | 109/424 [00:37<02:47,  1.88it/s]
 26%|██▌       | 110/424 [00:38<03:13,  1.62it/s]
 26%|██▌       | 111/424 [00:38<02:51,  1.83it/s]
 27%|██▋       | 114/424 [00:39<01:35,  3.25it/s]
 27%|██▋       | 116/424 [00:39<01:11,  4.31it/s]
 28%|██▊       | 118/424 [00:39<00:56,  5.39it/s]
 28%|██▊       | 120/424 [00:39<00:47,  6.41it/s]
 29%|██▉       | 122/424 [00:43<03:38,  1.38it/s]
 29%|██▉       | 123/424 [00:47<06:35,  1.31s/it]
 29%|██▉       | 124/424 [00:51<09:19,  1.86s/it]
 29%|██▉       | 125/424 [00:55<11:41,  2.35s/it]
 30%|██▉       | 126/424 [00:59<13:41,  2.76s/it]
 30%|██▉       | 127/424 [01:03<15:16,  3.09s/it]
 30%|███       | 128/424 [01:04<11:54,  2.41s/it]
 30%|███       | 129/424 [01:04<09:19,  1.90s/it]
 31%|███       | 130/424 [01:05<07:25,  1.51s/it]
 31%|███       | 131/424 [01:05<06:04,  1.24s/it]
 31%|███       | 132/424 [01:06<04:43,  1.03it/s]
 31%|███▏      | 133/424 [01:06<03:50,  1.26it/s]
 32%|███▏      | 135/424 [01:06<02:16,  2.12it/s]
 32%|███▏      | 136/424 [01:06<01:50,  2.61it/s]
 32%|███▏      | 137/424 [01:07<01:29,  3.19it/s]
 33%|███▎      | 138/424 [01:07<01:13,  3.89it/s]
 33%|███▎      | 139/424 [01:07<01:01,  4.63it/s]
 33%|███▎      | 141/424 [01:07<00:45,  6.26it/s]
 33%|███▎      | 142/424 [01:07<00:41,  6.73it/s]
 34%|███▎      | 143/424 [01:07<00:39,  7.17it/s]
 34%|███▍      | 144/424 [01:07<00:36,  7.58it/s]
 34%|███▍      | 145/424 [01:07<00:34,  8.02it/s]
 34%|███▍      | 146/424 [01:07<00:33,  8.36it/s]
 35%|███▍      | 147/424 [01:08<00:32,  8.54it/s]
 35%|███▍      | 148/424 [01:08<00:31,  8.72it/s]
 35%|███▌      | 149/424 [01:08<00:31,  8.83it/s]
 35%|███▌      | 150/424 [01:08<00:30,  8.86it/s]
 36%|███▌      | 151/424 [01:08<00:30,  8.84it/s]
 36%|███▌      | 152/424 [01:08<00:30,  8.86it/s]
 36%|███▌      | 153/424 [01:08<00:30,  8.88it/s]
 36%|███▋      | 154/424 [01:08<00:30,  8.96it/s]
 37%|███▋      | 155/424 [01:08<00:29,  9.00it/s]
 37%|███▋      | 156/424 [01:09<00:29,  9.00it/s]
 37%|███▋      | 157/424 [01:09<00:29,  8.97it/s]
 37%|███▋      | 158/424 [01:09<00:29,  9.00it/s]
 38%|███▊      | 159/424 [01:09<00:29,  9.06it/s]
 38%|███▊      | 160/424 [01:10<01:43,  2.56it/s]
 38%|███▊      | 161/424 [01:10<01:20,  3.26it/s]
 38%|███▊      | 162/424 [01:10<01:04,  4.03it/s]
 38%|███▊      | 163/424 [01:10<00:53,  4.85it/s]
 39%|███▊      | 164/424 [01:10<00:46,  5.58it/s]
 39%|███▉      | 165/424 [01:10<00:41,  6.32it/s]
 39%|███▉      | 167/424 [01:11<00:32,  7.82it/s]
 40%|███▉      | 168/424 [01:11<00:37,  6.78it/s]
 40%|███▉      | 169/424 [01:11<00:41,  6.20it/s]
 40%|████      | 170/424 [01:11<00:43,  5.88it/s]
 40%|████      | 171/424 [01:12<00:48,  5.24it/s]
 41%|████      | 173/424 [01:12<00:33,  7.59it/s]
 41%|████      | 174/424 [01:12<00:56,  4.43it/s]
 42%|████▏     | 176/424 [01:12<00:40,  6.09it/s]
 42%|████▏     | 178/424 [01:13<00:38,  6.40it/s]
 42%|████▏     | 179/424 [01:13<00:36,  6.63it/s]
 42%|████▏     | 180/424 [01:13<00:42,  5.80it/s]
 43%|████▎     | 182/424 [01:13<00:35,  6.77it/s]
 43%|████▎     | 183/424 [01:13<00:35,  6.81it/s]
 43%|████▎     | 184/424 [01:14<00:46,  5.19it/s]
 44%|████▎     | 185/424 [01:14<00:57,  4.17it/s]
 44%|████▍     | 186/424 [01:14<00:59,  3.99it/s]
 44%|████▍     | 187/424 [01:15<00:56,  4.22it/s]
 44%|████▍     | 188/424 [01:15<00:55,  4.27it/s]
 45%|████▍     | 189/424 [01:16<01:38,  2.38it/s]
 45%|████▍     | 190/424 [01:18<03:53,  1.00it/s]
 45%|████▌     | 191/424 [01:18<02:59,  1.30it/s]
 45%|████▌     | 192/424 [01:19<03:08,  1.23it/s]
 46%|████▌     | 194/424 [01:19<01:55,  1.99it/s]
 46%|████▌     | 196/424 [01:20<01:24,  2.70it/s]
 46%|████▋     | 197/424 [01:20<01:14,  3.04it/s]
 47%|████▋     | 198/424 [01:20<01:02,  3.60it/s]
 47%|████▋     | 199/424 [01:21<01:11,  3.17it/s]
 47%|████▋     | 200/424 [01:21<00:58,  3.81it/s]
 47%|████▋     | 201/424 [01:22<01:38,  2.27it/s]
 48%|████▊     | 202/424 [01:22<01:16,  2.90it/s]
 48%|████▊     | 203/424 [01:23<01:55,  1.91it/s]
 48%|████▊     | 204/424 [01:25<03:33,  1.03it/s]
 48%|████▊     | 205/424 [01:25<02:49,  1.30it/s]
 49%|████▊     | 206/424 [01:27<03:48,  1.05s/it]
 49%|████▉     | 207/424 [01:27<02:51,  1.27it/s]
 49%|████▉     | 208/424 [01:27<02:13,  1.62it/s]
 49%|████▉     | 209/424 [01:27<01:40,  2.13it/s]
 50%|████▉     | 210/424 [01:27<01:22,  2.61it/s]
 50%|█████     | 212/424 [01:27<00:49,  4.28it/s]
 50%|█████     | 213/424 [01:28<00:52,  4.00it/s]
 50%|█████     | 214/424 [01:28<00:55,  3.76it/s]
 51%|█████     | 215/424 [01:29<01:12,  2.89it/s]
 51%|█████     | 217/424 [01:29<00:50,  4.12it/s]
 51%|█████▏    | 218/424 [01:29<00:47,  4.35it/s]
 52%|█████▏    | 219/424 [01:29<00:43,  4.74it/s]
 52%|█████▏    | 220/424 [01:30<01:01,  3.30it/s]
 52%|█████▏    | 221/424 [01:30<00:56,  3.62it/s]
 52%|█████▏    | 222/424 [01:30<00:50,  4.00it/s]
 53%|█████▎    | 223/424 [01:30<00:45,  4.42it/s]
 53%|█████▎    | 224/424 [01:31<00:43,  4.56it/s]
 53%|█████▎    | 225/424 [01:31<01:23,  2.39it/s]
 54%|█████▎    | 227/424 [01:32<00:55,  3.55it/s]
 54%|█████▍    | 229/424 [01:32<00:38,  5.08it/s]
 54%|█████▍    | 230/424 [01:34<01:58,  1.64it/s]
 54%|█████▍    | 231/424 [01:34<01:42,  1.88it/s]
 55%|█████▍    | 233/424 [01:35<01:38,  1.94it/s]
 55%|█████▌    | 234/424 [01:39<04:10,  1.32s/it]
 55%|█████▌    | 235/424 [01:40<03:34,  1.13s/it]
 56%|█████▌    | 236/424 [01:40<02:48,  1.12it/s]
 56%|█████▋    | 239/424 [01:40<01:23,  2.23it/s]
 57%|█████▋    | 240/424 [01:41<01:40,  1.82it/s]
 57%|█████▋    | 241/424 [01:42<01:40,  1.82it/s]
 57%|█████▋    | 243/424 [01:42<01:11,  2.53it/s]
 58%|█████▊    | 244/424 [01:42<01:10,  2.55it/s]
 58%|█████▊    | 246/424 [01:43<00:52,  3.38it/s]
 58%|█████▊    | 247/424 [01:44<01:16,  2.31it/s]
 59%|█████▊    | 249/424 [01:44<00:51,  3.37it/s]
 59%|█████▉    | 250/424 [01:44<00:54,  3.18it/s]
 59%|█████▉    | 251/424 [01:44<00:46,  3.74it/s]
 60%|█████▉    | 253/424 [01:44<00:32,  5.23it/s]
 60%|██████    | 255/424 [01:44<00:25,  6.73it/s]
 61%|██████    | 257/424 [01:45<00:20,  8.07it/s]
 61%|██████    | 259/424 [01:45<00:21,  7.84it/s]
 61%|██████▏   | 260/424 [01:45<00:34,  4.73it/s]
 62%|██████▏   | 262/424 [01:46<00:25,  6.44it/s]
 62%|██████▏   | 264/424 [01:46<00:35,  4.53it/s]
 63%|██████▎   | 266/424 [01:47<00:31,  5.01it/s]
 63%|██████▎   | 268/424 [01:47<00:25,  6.19it/s]
 63%|██████▎   | 269/424 [01:47<00:36,  4.26it/s]
 64%|██████▍   | 271/424 [01:47<00:26,  5.80it/s]
 64%|██████▍   | 273/424 [01:48<00:21,  6.97it/s]
 65%|██████▌   | 276/424 [01:48<00:15,  9.78it/s]
 66%|██████▌   | 278/424 [01:48<00:19,  7.60it/s]
 66%|██████▌   | 280/424 [01:49<00:25,  5.65it/s]
 66%|██████▋   | 281/424 [01:49<00:27,  5.27it/s]
 67%|██████▋   | 283/424 [01:51<01:06,  2.13it/s]
 67%|██████▋   | 285/424 [01:51<00:47,  2.92it/s]
 68%|██████▊   | 287/424 [01:51<00:38,  3.57it/s]
 68%|██████▊   | 288/424 [01:52<00:35,  3.78it/s]
 68%|██████▊   | 289/424 [01:52<00:32,  4.11it/s]
 69%|██████▊   | 291/424 [01:52<00:24,  5.43it/s]
 69%|██████▉   | 293/424 [01:54<01:04,  2.04it/s]
 70%|██████▉   | 295/424 [01:55<00:52,  2.45it/s]
 70%|███████   | 297/424 [01:55<00:41,  3.03it/s]
 70%|███████   | 298/424 [01:55<00:37,  3.40it/s]
 71%|███████   | 299/424 [01:55<00:31,  3.94it/s]
 71%|███████   | 301/424 [01:55<00:23,  5.14it/s]
 71%|███████   | 302/424 [01:59<02:03,  1.01s/it]
 71%|███████▏  | 303/424 [02:00<01:40,  1.21it/s]
 72%|███████▏  | 305/424 [02:00<01:05,  1.80it/s]
 72%|███████▏  | 306/424 [02:00<00:57,  2.04it/s]
 73%|███████▎  | 308/424 [02:00<00:39,  2.92it/s]
 73%|███████▎  | 309/424 [02:01<00:38,  2.98it/s]
 73%|███████▎  | 310/424 [02:01<00:45,  2.48it/s]
 74%|███████▎  | 312/424 [02:01<00:30,  3.70it/s]
 74%|███████▍  | 313/424 [02:02<00:26,  4.18it/s]
 74%|███████▍  | 314/424 [02:02<00:26,  4.08it/s]
 74%|███████▍  | 315/424 [02:03<00:41,  2.65it/s]
 75%|███████▍  | 317/424 [02:04<00:43,  2.48it/s]
 75%|███████▌  | 318/424 [02:04<00:52,  2.03it/s]
 75%|███████▌  | 319/424 [02:04<00:43,  2.41it/s]
 75%|███████▌  | 320/424 [02:05<00:35,  2.95it/s]
 76%|███████▌  | 323/424 [02:05<00:19,  5.13it/s]
 77%|███████▋  | 325/424 [02:05<00:16,  6.11it/s]
 77%|███████▋  | 326/424 [02:09<01:28,  1.11it/s]
 77%|███████▋  | 327/424 [02:10<01:25,  1.14it/s]
 77%|███████▋  | 328/424 [02:10<01:14,  1.29it/s]
 78%|███████▊  | 329/424 [02:10<01:01,  1.55it/s]
 78%|███████▊  | 330/424 [02:11<01:04,  1.46it/s]
 78%|███████▊  | 332/424 [02:11<00:38,  2.40it/s]
 79%|███████▊  | 333/424 [02:12<00:48,  1.87it/s]
 79%|███████▉  | 334/424 [02:13<00:41,  2.18it/s]
 79%|███████▉  | 335/424 [02:13<00:39,  2.26it/s]
 79%|███████▉  | 336/424 [02:14<00:54,  1.63it/s]
 79%|███████▉  | 337/424 [02:18<02:16,  1.57s/it]
 80%|███████▉  | 338/424 [02:18<01:42,  1.19s/it]
 80%|███████▉  | 339/424 [02:19<01:25,  1.00s/it]
 80%|████████  | 340/424 [02:23<02:38,  1.89s/it]
 80%|████████  | 341/424 [02:24<02:13,  1.61s/it]
 81%|████████  | 342/424 [02:25<01:55,  1.40s/it]
 81%|████████  | 344/424 [02:25<01:10,  1.14it/s]
 82%|████████▏ | 346/424 [02:26<00:46,  1.68it/s]
 82%|████████▏ | 347/424 [02:26<00:42,  1.80it/s]
 83%|████████▎ | 350/424 [02:26<00:27,  2.70it/s]
 83%|████████▎ | 352/424 [02:31<01:04,  1.12it/s]
 83%|████████▎ | 353/424 [02:31<00:56,  1.27it/s]
 83%|████████▎ | 354/424 [02:31<00:52,  1.33it/s]
 84%|████████▍ | 356/424 [02:32<00:44,  1.51it/s]
 84%|████████▍ | 357/424 [02:33<00:42,  1.56it/s]
 84%|████████▍ | 358/424 [02:34<00:41,  1.59it/s]
 85%|████████▍ | 359/424 [02:34<00:40,  1.62it/s]
 85%|████████▍ | 360/424 [02:34<00:31,  2.04it/s]
 85%|████████▌ | 361/424 [02:34<00:24,  2.56it/s]
 85%|████████▌ | 362/424 [02:35<00:20,  2.95it/s]
 86%|████████▌ | 363/424 [02:39<01:23,  1.38s/it]
 86%|████████▌ | 364/424 [02:39<01:03,  1.05s/it]
 86%|████████▌ | 365/424 [02:39<00:46,  1.28it/s]
 87%|████████▋ | 367/424 [02:39<00:26,  2.17it/s]
 87%|████████▋ | 368/424 [02:43<01:15,  1.34s/it]
 87%|████████▋ | 369/424 [02:43<00:57,  1.05s/it]
 88%|████████▊ | 371/424 [02:44<00:33,  1.59it/s]
 88%|████████▊ | 373/424 [02:44<00:22,  2.32it/s]
 88%|████████▊ | 374/424 [02:44<00:23,  2.15it/s]
 89%|████████▊ | 376/424 [02:45<00:17,  2.69it/s]
 89%|████████▉ | 377/424 [02:46<00:21,  2.20it/s]
 89%|████████▉ | 379/424 [02:46<00:16,  2.72it/s]
 90%|████████▉ | 380/424 [02:47<00:21,  2.08it/s]
 90%|█████████ | 382/424 [02:48<00:19,  2.18it/s]
 91%|█████████ | 384/424 [02:48<00:13,  3.03it/s]
 91%|█████████ | 385/424 [02:48<00:11,  3.47it/s]
 92%|█████████▏| 388/424 [02:49<00:07,  4.54it/s]
 92%|█████████▏| 389/424 [02:51<00:21,  1.65it/s]
 92%|█████████▏| 390/424 [02:51<00:17,  1.98it/s]
 92%|█████████▏| 392/424 [02:51<00:11,  2.87it/s]
 93%|█████████▎| 393/424 [02:52<00:11,  2.77it/s]
 93%|█████████▎| 394/424 [02:52<00:11,  2.72it/s]
 93%|█████████▎| 395/424 [02:53<00:14,  1.98it/s]
 93%|█████████▎| 396/424 [02:54<00:15,  1.85it/s]
 94%|█████████▎| 397/424 [02:54<00:15,  1.69it/s]
 94%|█████████▍| 398/424 [02:55<00:16,  1.59it/s]
 94%|█████████▍| 399/424 [02:55<00:12,  1.96it/s]
 94%|█████████▍| 400/424 [02:56<00:11,  2.13it/s]
 95%|█████████▍| 401/424 [02:56<00:08,  2.67it/s]
 95%|█████████▍| 402/424 [02:58<00:19,  1.15it/s]
 95%|█████████▌| 403/424 [02:59<00:22,  1.05s/it]
 95%|█████████▌| 404/424 [02:59<00:15,  1.29it/s]
 96%|█████████▌| 405/424 [03:00<00:11,  1.61it/s]
 96%|█████████▌| 407/424 [03:00<00:08,  1.91it/s]
 96%|█████████▌| 408/424 [03:01<00:08,  1.81it/s]
 96%|█████████▋| 409/424 [03:03<00:11,  1.26it/s]
 97%|█████████▋| 410/424 [03:03<00:08,  1.59it/s]
 97%|█████████▋| 411/424 [03:03<00:07,  1.65it/s]
 97%|█████████▋| 413/424 [03:04<00:06,  1.77it/s]
 98%|█████████▊| 415/424 [03:05<00:04,  1.94it/s]
 98%|█████████▊| 416/424 [03:06<00:03,  2.06it/s]
 98%|█████████▊| 417/424 [03:06<00:03,  2.18it/s]
 99%|█████████▊| 418/424 [03:08<00:05,  1.07it/s]
 99%|█████████▉| 419/424 [03:09<00:03,  1.26it/s]
 99%|█████████▉| 420/424 [03:10<00:03,  1.21it/s]
 99%|█████████▉| 421/424 [03:10<00:02,  1.30it/s]
100%|█████████▉| 423/424 [03:13<00:00,  1.04it/s]
100%|██████████| 424/424 [03:13<00:00,  1.13it/s]
100%|██████████| 424/424 [03:13<00:00,  2.19it/s]
